<?xml version="1.0" encoding="utf-8"?>
<shfbBuild product="Sandcastle Help File Builder and Tools" version="2020.3.6.0" projectFile="E:\A1\w\2\s\Doc\Vortex.Connectors.Documentation\Vortex.Connectors.Documentation.shfbproj" started="9/17/2020 8:13:43 PM">
<buildStep step="Initializing">
Finding tools...
The Sandcastle tools are located in &#39;C:\Program Files (x86)\EWSoftware\Sandcastle Help File Builder\&#39;
Locating components in the following folder(s):
    E:\A1\w\2\s\Doc\Vortex.Connectors.Documentation
    C:\ProgramData\EWSoftware\Sandcastle Help File Builder\Components and Plug-Ins\
    C:\Program Files (x86)\EWSoftware\Sandcastle Help File Builder\
Using framework reflection data for &#39;Cross-platform (.NET Core/.NET Standard)&#39; located in &#39;C:\Program Files (x86)\EWSoftware\Sandcastle Help File Builder\Data\.NETFramework&#39;
Using presentation style &#39;Markdown&#39; located in &#39;C:\Program Files (x86)\EWSoftware\Sandcastle Help File Builder\PresentationStyles\Markdown&#39;
-------------------------------
Clearing any prior web/markdown output...
</buildStep>
<buildStep step="ValidatingDocumentationSources">
Validating and copying documentation source information
Source: E:\A1\w\2\s\src\connectors\Vortex.Connector\Vortex.Connector.csproj
    Found project &#39;E:\A1\w\2\s\src\connectors\Vortex.Connector\Vortex.Connector.csproj&#39;
Source: E:\A1\w\2\s\src\connectors\Vortex.Adapters.Connector.Tc3\Vortex.Adapters.Connector.Tc3.csproj
    Found project &#39;E:\A1\w\2\s\src\connectors\Vortex.Adapters.Connector.Tc3\Vortex.Adapters.Connector.Tc3.csproj&#39;

Parsing project files
    Found assembly &#39;E:\A1\w\2\s\src\connectors\Vortex.Connector\bin\Release\netstandard2.0\Vortex.Connector.dll&#39;
    Found assembly &#39;E:\A1\w\2\s\src\connectors\Vortex.Adapters.Connector.Tc3\bin\Release\netcoreapp3.1\Vortex.Adapters.Connector.Tc3.dll&#39;

References to include:
    C:\Users\Administrator\.nuget\packages\netstandard.library\2.0.3\build\netstandard2.0\ref\Microsoft.Win32.Primitives.dll
    C:\Users\Administrator\.nuget\packages\netstandard.library\2.0.3\build\netstandard2.0\ref\netstandard.dll
    C:\Users\Administrator\.nuget\packages\netstandard.library\2.0.3\build\netstandard2.0\ref\System.AppContext.dll
    C:\Users\Administrator\.nuget\packages\netstandard.library\2.0.3\build\netstandard2.0\ref\System.Collections.Concurrent.dll
    C:\Users\Administrator\.nuget\packages\netstandard.library\2.0.3\build\netstandard2.0\ref\System.Collections.dll
    C:\Users\Administrator\.nuget\packages\netstandard.library\2.0.3\build\netstandard2.0\ref\System.Collections.NonGeneric.dll
    C:\Users\Administrator\.nuget\packages\netstandard.library\2.0.3\build\netstandard2.0\ref\System.Collections.Specialized.dll
    C:\Users\Administrator\.nuget\packages\netstandard.library\2.0.3\build\netstandard2.0\ref\System.ComponentModel.Composition.dll
    C:\Users\Administrator\.nuget\packages\netstandard.library\2.0.3\build\netstandard2.0\ref\System.ComponentModel.dll
    C:\Users\Administrator\.nuget\packages\netstandard.library\2.0.3\build\netstandard2.0\ref\System.ComponentModel.EventBasedAsync.dll
    C:\Users\Administrator\.nuget\packages\netstandard.library\2.0.3\build\netstandard2.0\ref\System.ComponentModel.Primitives.dll
    C:\Users\Administrator\.nuget\packages\netstandard.library\2.0.3\build\netstandard2.0\ref\System.ComponentModel.TypeConverter.dll
    C:\Users\Administrator\.nuget\packages\netstandard.library\2.0.3\build\netstandard2.0\ref\System.Console.dll
    C:\Users\Administrator\.nuget\packages\netstandard.library\2.0.3\build\netstandard2.0\ref\System.Core.dll
    C:\Users\Administrator\.nuget\packages\netstandard.library\2.0.3\build\netstandard2.0\ref\System.Data.Common.dll
    C:\Users\Administrator\.nuget\packages\netstandard.library\2.0.3\build\netstandard2.0\ref\System.Data.dll
    C:\Users\Administrator\.nuget\packages\netstandard.library\2.0.3\build\netstandard2.0\ref\System.Diagnostics.Contracts.dll
    C:\Users\Administrator\.nuget\packages\netstandard.library\2.0.3\build\netstandard2.0\ref\System.Diagnostics.Debug.dll
    C:\Users\Administrator\.nuget\packages\netstandard.library\2.0.3\build\netstandard2.0\ref\System.Diagnostics.FileVersionInfo.dll
    C:\Users\Administrator\.nuget\packages\netstandard.library\2.0.3\build\netstandard2.0\ref\System.Diagnostics.Process.dll
    C:\Users\Administrator\.nuget\packages\netstandard.library\2.0.3\build\netstandard2.0\ref\System.Diagnostics.StackTrace.dll
    C:\Users\Administrator\.nuget\packages\netstandard.library\2.0.3\build\netstandard2.0\ref\System.Diagnostics.TextWriterTraceListener.dll
    C:\Users\Administrator\.nuget\packages\netstandard.library\2.0.3\build\netstandard2.0\ref\System.Diagnostics.Tools.dll
    C:\Users\Administrator\.nuget\packages\netstandard.library\2.0.3\build\netstandard2.0\ref\System.Diagnostics.TraceSource.dll
    C:\Users\Administrator\.nuget\packages\netstandard.library\2.0.3\build\netstandard2.0\ref\System.Diagnostics.Tracing.dll
    C:\Users\Administrator\.nuget\packages\netstandard.library\2.0.3\build\netstandard2.0\ref\System.dll
    C:\Users\Administrator\.nuget\packages\netstandard.library\2.0.3\build\netstandard2.0\ref\System.Drawing.dll
    C:\Users\Administrator\.nuget\packages\netstandard.library\2.0.3\build\netstandard2.0\ref\System.Drawing.Primitives.dll
    C:\Users\Administrator\.nuget\packages\netstandard.library\2.0.3\build\netstandard2.0\ref\System.Dynamic.Runtime.dll
    C:\Users\Administrator\.nuget\packages\netstandard.library\2.0.3\build\netstandard2.0\ref\System.Globalization.Calendars.dll
    C:\Users\Administrator\.nuget\packages\netstandard.library\2.0.3\build\netstandard2.0\ref\System.Globalization.dll
    C:\Users\Administrator\.nuget\packages\netstandard.library\2.0.3\build\netstandard2.0\ref\System.Globalization.Extensions.dll
    C:\Users\Administrator\.nuget\packages\netstandard.library\2.0.3\build\netstandard2.0\ref\System.IO.Compression.dll
    C:\Users\Administrator\.nuget\packages\netstandard.library\2.0.3\build\netstandard2.0\ref\System.IO.Compression.FileSystem.dll
    C:\Users\Administrator\.nuget\packages\netstandard.library\2.0.3\build\netstandard2.0\ref\System.IO.Compression.ZipFile.dll
    C:\Users\Administrator\.nuget\packages\netstandard.library\2.0.3\build\netstandard2.0\ref\System.IO.dll
    C:\Users\Administrator\.nuget\packages\netstandard.library\2.0.3\build\netstandard2.0\ref\System.IO.FileSystem.dll
    C:\Users\Administrator\.nuget\packages\netstandard.library\2.0.3\build\netstandard2.0\ref\System.IO.FileSystem.DriveInfo.dll
    C:\Users\Administrator\.nuget\packages\netstandard.library\2.0.3\build\netstandard2.0\ref\System.IO.FileSystem.Primitives.dll
    C:\Users\Administrator\.nuget\packages\netstandard.library\2.0.3\build\netstandard2.0\ref\System.IO.FileSystem.Watcher.dll
    C:\Users\Administrator\.nuget\packages\netstandard.library\2.0.3\build\netstandard2.0\ref\System.IO.IsolatedStorage.dll
    C:\Users\Administrator\.nuget\packages\netstandard.library\2.0.3\build\netstandard2.0\ref\System.IO.MemoryMappedFiles.dll
    C:\Users\Administrator\.nuget\packages\netstandard.library\2.0.3\build\netstandard2.0\ref\System.IO.Pipes.dll
    C:\Users\Administrator\.nuget\packages\netstandard.library\2.0.3\build\netstandard2.0\ref\System.IO.UnmanagedMemoryStream.dll
    C:\Users\Administrator\.nuget\packages\netstandard.library\2.0.3\build\netstandard2.0\ref\System.Linq.dll
    C:\Users\Administrator\.nuget\packages\netstandard.library\2.0.3\build\netstandard2.0\ref\System.Linq.Expressions.dll
    C:\Users\Administrator\.nuget\packages\netstandard.library\2.0.3\build\netstandard2.0\ref\System.Linq.Parallel.dll
    C:\Users\Administrator\.nuget\packages\netstandard.library\2.0.3\build\netstandard2.0\ref\System.Linq.Queryable.dll
    C:\Users\Administrator\.nuget\packages\netstandard.library\2.0.3\build\netstandard2.0\ref\System.Net.dll
    C:\Users\Administrator\.nuget\packages\netstandard.library\2.0.3\build\netstandard2.0\ref\System.Net.Http.dll
    C:\Users\Administrator\.nuget\packages\netstandard.library\2.0.3\build\netstandard2.0\ref\System.Net.NameResolution.dll
    C:\Users\Administrator\.nuget\packages\netstandard.library\2.0.3\build\netstandard2.0\ref\System.Net.NetworkInformation.dll
    C:\Users\Administrator\.nuget\packages\netstandard.library\2.0.3\build\netstandard2.0\ref\System.Net.Ping.dll
    C:\Users\Administrator\.nuget\packages\netstandard.library\2.0.3\build\netstandard2.0\ref\System.Net.Primitives.dll
    C:\Users\Administrator\.nuget\packages\netstandard.library\2.0.3\build\netstandard2.0\ref\System.Net.Requests.dll
    C:\Users\Administrator\.nuget\packages\netstandard.library\2.0.3\build\netstandard2.0\ref\System.Net.Security.dll
    C:\Users\Administrator\.nuget\packages\netstandard.library\2.0.3\build\netstandard2.0\ref\System.Net.Sockets.dll
    C:\Users\Administrator\.nuget\packages\netstandard.library\2.0.3\build\netstandard2.0\ref\System.Net.WebHeaderCollection.dll
    C:\Users\Administrator\.nuget\packages\netstandard.library\2.0.3\build\netstandard2.0\ref\System.Net.WebSockets.Client.dll
    C:\Users\Administrator\.nuget\packages\netstandard.library\2.0.3\build\netstandard2.0\ref\System.Net.WebSockets.dll
    C:\Users\Administrator\.nuget\packages\netstandard.library\2.0.3\build\netstandard2.0\ref\System.Numerics.dll
    C:\Users\Administrator\.nuget\packages\netstandard.library\2.0.3\build\netstandard2.0\ref\System.ObjectModel.dll
    C:\Users\Administrator\.nuget\packages\netstandard.library\2.0.3\build\netstandard2.0\ref\System.Reflection.dll
    C:\Users\Administrator\.nuget\packages\netstandard.library\2.0.3\build\netstandard2.0\ref\System.Reflection.Extensions.dll
    C:\Users\Administrator\.nuget\packages\netstandard.library\2.0.3\build\netstandard2.0\ref\System.Reflection.Primitives.dll
    C:\Users\Administrator\.nuget\packages\netstandard.library\2.0.3\build\netstandard2.0\ref\System.Resources.Reader.dll
    C:\Users\Administrator\.nuget\packages\netstandard.library\2.0.3\build\netstandard2.0\ref\System.Resources.ResourceManager.dll
    C:\Users\Administrator\.nuget\packages\netstandard.library\2.0.3\build\netstandard2.0\ref\System.Resources.Writer.dll
    C:\Users\Administrator\.nuget\packages\netstandard.library\2.0.3\build\netstandard2.0\ref\System.Runtime.CompilerServices.VisualC.dll
    C:\Users\Administrator\.nuget\packages\netstandard.library\2.0.3\build\netstandard2.0\ref\System.Runtime.dll
    C:\Users\Administrator\.nuget\packages\netstandard.library\2.0.3\build\netstandard2.0\ref\System.Runtime.Extensions.dll
    C:\Users\Administrator\.nuget\packages\netstandard.library\2.0.3\build\netstandard2.0\ref\System.Runtime.Handles.dll
    C:\Users\Administrator\.nuget\packages\netstandard.library\2.0.3\build\netstandard2.0\ref\System.Runtime.InteropServices.dll
    C:\Users\Administrator\.nuget\packages\netstandard.library\2.0.3\build\netstandard2.0\ref\System.Runtime.InteropServices.RuntimeInformation.dll
    C:\Users\Administrator\.nuget\packages\netstandard.library\2.0.3\build\netstandard2.0\ref\System.Runtime.Numerics.dll
    C:\Users\Administrator\.nuget\packages\netstandard.library\2.0.3\build\netstandard2.0\ref\System.Runtime.Serialization.dll
    C:\Users\Administrator\.nuget\packages\netstandard.library\2.0.3\build\netstandard2.0\ref\System.Runtime.Serialization.Formatters.dll
    C:\Users\Administrator\.nuget\packages\netstandard.library\2.0.3\build\netstandard2.0\ref\System.Runtime.Serialization.Json.dll
    C:\Users\Administrator\.nuget\packages\netstandard.library\2.0.3\build\netstandard2.0\ref\System.Runtime.Serialization.Primitives.dll
    C:\Users\Administrator\.nuget\packages\netstandard.library\2.0.3\build\netstandard2.0\ref\System.Runtime.Serialization.Xml.dll
    C:\Users\Administrator\.nuget\packages\netstandard.library\2.0.3\build\netstandard2.0\ref\System.Security.Claims.dll
    C:\Users\Administrator\.nuget\packages\netstandard.library\2.0.3\build\netstandard2.0\ref\System.Security.Cryptography.Algorithms.dll
    C:\Users\Administrator\.nuget\packages\netstandard.library\2.0.3\build\netstandard2.0\ref\System.Security.Cryptography.Csp.dll
    C:\Users\Administrator\.nuget\packages\netstandard.library\2.0.3\build\netstandard2.0\ref\System.Security.Cryptography.Encoding.dll
    C:\Users\Administrator\.nuget\packages\netstandard.library\2.0.3\build\netstandard2.0\ref\System.Security.Cryptography.Primitives.dll
    C:\Users\Administrator\.nuget\packages\netstandard.library\2.0.3\build\netstandard2.0\ref\System.Security.Cryptography.X509Certificates.dll
    C:\Users\Administrator\.nuget\packages\netstandard.library\2.0.3\build\netstandard2.0\ref\System.Security.Principal.dll
    C:\Users\Administrator\.nuget\packages\netstandard.library\2.0.3\build\netstandard2.0\ref\System.Security.SecureString.dll
    C:\Users\Administrator\.nuget\packages\netstandard.library\2.0.3\build\netstandard2.0\ref\System.ServiceModel.Web.dll
    C:\Users\Administrator\.nuget\packages\netstandard.library\2.0.3\build\netstandard2.0\ref\System.Text.Encoding.dll
    C:\Users\Administrator\.nuget\packages\netstandard.library\2.0.3\build\netstandard2.0\ref\System.Text.Encoding.Extensions.dll
    C:\Users\Administrator\.nuget\packages\netstandard.library\2.0.3\build\netstandard2.0\ref\System.Text.RegularExpressions.dll
    C:\Users\Administrator\.nuget\packages\netstandard.library\2.0.3\build\netstandard2.0\ref\System.Threading.dll
    C:\Users\Administrator\.nuget\packages\netstandard.library\2.0.3\build\netstandard2.0\ref\System.Threading.Overlapped.dll
    C:\Users\Administrator\.nuget\packages\netstandard.library\2.0.3\build\netstandard2.0\ref\System.Threading.Tasks.dll
    C:\Users\Administrator\.nuget\packages\netstandard.library\2.0.3\build\netstandard2.0\ref\System.Threading.Tasks.Parallel.dll
    C:\Users\Administrator\.nuget\packages\netstandard.library\2.0.3\build\netstandard2.0\ref\System.Threading.Thread.dll
    C:\Users\Administrator\.nuget\packages\netstandard.library\2.0.3\build\netstandard2.0\ref\System.Threading.ThreadPool.dll
    C:\Users\Administrator\.nuget\packages\netstandard.library\2.0.3\build\netstandard2.0\ref\System.Threading.Timer.dll
    C:\Users\Administrator\.nuget\packages\netstandard.library\2.0.3\build\netstandard2.0\ref\System.Transactions.dll
    C:\Users\Administrator\.nuget\packages\netstandard.library\2.0.3\build\netstandard2.0\ref\System.ValueTuple.dll
    C:\Users\Administrator\.nuget\packages\netstandard.library\2.0.3\build\netstandard2.0\ref\System.Web.dll
    C:\Users\Administrator\.nuget\packages\netstandard.library\2.0.3\build\netstandard2.0\ref\System.Windows.dll
    C:\Users\Administrator\.nuget\packages\netstandard.library\2.0.3\build\netstandard2.0\ref\System.Xml.dll
    C:\Users\Administrator\.nuget\packages\netstandard.library\2.0.3\build\netstandard2.0\ref\System.Xml.Linq.dll
    C:\Users\Administrator\.nuget\packages\netstandard.library\2.0.3\build\netstandard2.0\ref\System.Xml.ReaderWriter.dll
    C:\Users\Administrator\.nuget\packages\netstandard.library\2.0.3\build\netstandard2.0\ref\System.Xml.Serialization.dll
    C:\Users\Administrator\.nuget\packages\netstandard.library\2.0.3\build\netstandard2.0\ref\System.Xml.XDocument.dll
    C:\Users\Administrator\.nuget\packages\netstandard.library\2.0.3\build\netstandard2.0\ref\System.Xml.XmlDocument.dll
    C:\Users\Administrator\.nuget\packages\netstandard.library\2.0.3\build\netstandard2.0\ref\System.Xml.XmlSerializer.dll
    C:\Users\Administrator\.nuget\packages\netstandard.library\2.0.3\build\netstandard2.0\ref\System.Xml.XPath.dll
    C:\Users\Administrator\.nuget\packages\netstandard.library\2.0.3\build\netstandard2.0\ref\System.Xml.XPath.XDocument.dll
    E:\A1\w\2\s\src\protection\inxton.licencing\src\Inxton.Licencing\bin\Release\netstandard2.0\Inxton.Licencing.dll
    Microsoft.Extensions.Logging.Abstractions
    Newtonsoft.Json
    Serilog
    Serilog.Sinks.Console
    Serilog.Sinks.File
    System.CodeDom
    System.Configuration.ConfigurationManager
    System.Security.AccessControl
    System.Security.Permissions
    System.Security.Principal.Windows
    System.Text.Encoding.CodePages
    System.Windows.Extensions
    TwinCAT.Ads
    TwinCAT.Ads.Abstractions
    TwinCAT.Ads.Server

Copying XML comments files
    C:\MTS\Develop\foxtroth\vortex.connectors\src\connectors\Vortex.Connector\Vortex.Connector.xml -&gt; E:\A1\w\2\s\Doc\Vortex.Connectors.Documentation\Help\Working\Vortex.Connector.xml
    E:\A1\w\2\s\src\connectors\Vortex.Adapters.Connector.Tc3\bin\Release\netcoreapp3.1\Vortex.Adapters.Connector.Tc3.xml -&gt; E:\A1\w\2\s\Doc\Vortex.Connectors.Documentation\Help\Working\Vortex.Adapters.Connector.Tc3.xml
</buildStep>
<buildStep step="GenerateSharedContent">
Generating shared content files (en-US, English (United States))...
    Last step completed in 00:00:00.0070
</buildStep>
<buildStep step="GenerateApiFilter">
Generating API filter for MRefBuilder...
    Last step completed in 00:00:00.0050
</buildStep>
<buildStep step="GenerateReflectionInfo">
Generating reflection information...
[C:\Program Files (x86)\Microsoft Visual Studio\2019\Community\MSBuild\Current\Bin\MSBuild.exe - GenerateRefInfo.proj]
Build started 9/17/2020 8:13:45 PM.
Project &quot;E:\A1\w\2\s\Doc\Vortex.Connectors.Documentation\Help\Working\GenerateRefInfo.proj&quot; on node 1 (default targets).
PrepareForBuild:
  Creating directory &quot;obj\Debug\&quot;.
GenerateBindingRedirects:
  No suggested binding redirects from ResolveAssemblyReferences.
GenerateRefInfo:
  MRefBuilder (v2020.3.6.0)
  Copyright c 2006-2020, Microsoft Corporation, All Rights Reserved.
  Portions Copyright c 2006-2020, Eric Woodruff, All Rights Reserved.
  No source code context base path specified.  Source context information is unavailable.
  Loaded 2 assemblies for reflection and 139 dependency assemblies.
  Using automatic redirect &#39;System.ObjectModel, Version=4.0.11.0, Culture=neutral, PublicKeyToken=b03f5f7f11d50a3a&#39; in place of &#39;System.ObjectModel, Version=4.1.2.0, Culture=neutral, PublicKeyToken=b03f5f7f11d50a3a&#39;
  Using automatic redirect &#39;System.Collections, Version=4.0.11.0, Culture=neutral, PublicKeyToken=b03f5f7f11d50a3a&#39; in place of &#39;System.Collections, Version=4.1.2.0, Culture=neutral, PublicKeyToken=b03f5f7f11d50a3a&#39;
  Using automatic redirect &#39;System.Linq.Expressions, Version=4.1.2.0, Culture=neutral, PublicKeyToken=b03f5f7f11d50a3a&#39; in place of &#39;System.Linq.Expressions, Version=4.2.2.0, Culture=neutral, PublicKeyToken=b03f5f7f11d50a3a&#39;
  Using automatic redirect &#39;System.Runtime.Extensions, Version=4.1.2.0, Culture=neutral, PublicKeyToken=b03f5f7f11d50a3a&#39; in place of &#39;System.Runtime.Extensions, Version=4.2.2.0, Culture=neutral, PublicKeyToken=b03f5f7f11d50a3a&#39;
  Using automatic redirect &#39;System.Resources.ResourceManager, Version=4.0.1.0, Culture=neutral, PublicKeyToken=b03f5f7f11d50a3a&#39; in place of &#39;System.Resources.ResourceManager, Version=4.1.2.0, Culture=neutral, PublicKeyToken=b03f5f7f11d50a3a&#39;
  Using automatic redirect &#39;System.Diagnostics.Tools, Version=4.0.1.0, Culture=neutral, PublicKeyToken=b03f5f7f11d50a3a&#39; in place of &#39;System.Diagnostics.Tools, Version=4.1.2.0, Culture=neutral, PublicKeyToken=b03f5f7f11d50a3a&#39;
  Using automatic redirect &#39;System.Diagnostics.Debug, Version=4.0.11.0, Culture=neutral, PublicKeyToken=b03f5f7f11d50a3a&#39; in place of &#39;System.Diagnostics.Debug, Version=4.1.2.0, Culture=neutral, PublicKeyToken=b03f5f7f11d50a3a&#39;
  Wrote information on 15 namespaces, 156 types, and 564 members
  Copying file from &quot;E:\A1\w\2\s\Doc\Vortex.Connectors.Documentation\Help\Working\reflection.org&quot; to &quot;E:\A1\w\2\s\Doc\Vortex.Connectors.Documentation\Help\Working\reflection.all&quot;.
  XslTransform (v2020.3.6.0)
  Copyright c 2006-2020, Microsoft Corporation, All Rights Reserved.
  Portions Copyright c 2006-2020, Eric Woodruff, All Rights Reserved.
  Applying XSL transformation &#39;C:\Program Files (x86)\EWSoftware\Sandcastle Help File Builder\ProductionTransforms\MergeDuplicates.xsl&#39;.
Done Building Project &quot;E:\A1\w\2\s\Doc\Vortex.Connectors.Documentation\Help\Working\GenerateRefInfo.proj&quot; (default targets).
    Last step completed in 00:00:01.0490
</buildStep>
<buildStep step="TransformReflectionInfo">
Transforming reflection output...
[C:\Program Files (x86)\Microsoft Visual Studio\2019\Community\MSBuild\Current\Bin\MSBuild.exe - TransformManifest.proj]
Build started 9/17/2020 8:13:46 PM.
Project &quot;E:\A1\w\2\s\Doc\Vortex.Connectors.Documentation\Help\Working\TransformManifest.proj&quot; on node 1 (default targets).
TransformManifest:
  XslTransform (v2020.3.6.0)
  Copyright c 2006-2020, Microsoft Corporation, All Rights Reserved.
  Portions Copyright c 2006-2020, Eric Woodruff, All Rights Reserved.
  Applying XSL transformation &#39;C:\Program Files (x86)\EWSoftware\Sandcastle Help File Builder\\ProductionTransforms\ApplyVSDocModel.xsl&#39;.
  Copying file from &quot;E:\A1\w\2\s\Doc\Vortex.Connectors.Documentation\Help\Working\reflection.xml&quot; to &quot;E:\A1\w\2\s\Doc\Vortex.Connectors.Documentation\Help\Working\reflection.ungrouped&quot;.
  AddNamespaceGroups (v2020.3.6.0)
  Copyright c 2006-2020, Eric Woodruff, All Rights Reserved
  Added 3 namespace group entries
  Copying file from &quot;E:\A1\w\2\s\Doc\Vortex.Connectors.Documentation\Help\Working\reflection.xml&quot; to &quot;E:\A1\w\2\s\Doc\Vortex.Connectors.Documentation\Help\Working\reflection.nofilenames&quot;.
  XslTransform (v2020.3.6.0)
  Copyright c 2006-2020, Microsoft Corporation, All Rights Reserved.
  Portions Copyright c 2006-2020, Eric Woodruff, All Rights Reserved.
  Applying XSL transformation &#39;C:\Program Files (x86)\EWSoftware\Sandcastle Help File Builder\ProductionTransforms\AddFilenames.xsl&#39;.
    Unique name M_Vortex_Adapters_Connector_Tc3_Adapter_Tc3ConnectorAdapter_Create_1 generated for M:Vortex.Adapters.Connector.Tc3.Adapter.Tc3ConnectorAdapter.Create(System.String,System.Int32,System.Boolean,Vortex.Adapters.Connector.Tc3.Adapter.SymbolLoadingMode,Vortex.Adapters.Connector.Tc3.Adapter.SymbolLoadMethod)
    Unique name M_Vortex_Connector_ConnectorAdapter__ctor_1 generated for M:Vortex.Connector.ConnectorAdapter.#ctor(System.Type)
    Unique name M_Vortex_Connector_IConnector__ctor_1 generated for M:Vortex.Connector.IConnector.#ctor(System.Object[])
    Unique name M_Vortex_Connector_IConnectorFactory_CreateBOOL_1 generated for M:Vortex.Connector.IConnectorFactory.CreateBOOL(Vortex.Connector.IVortexObject,System.String,System.String)
    Unique name M_Vortex_Connector_IConnectorFactory_CreateBYTE_1 generated for M:Vortex.Connector.IConnectorFactory.CreateBYTE(Vortex.Connector.IVortexObject,System.String,System.String)
    Unique name M_Vortex_Connector_IConnectorFactory_CreateDATE_1 generated for M:Vortex.Connector.IConnectorFactory.CreateDATE(Vortex.Connector.IVortexObject,System.String,System.String)
    Unique name M_Vortex_Connector_IConnectorFactory_CreateDATE_TIME_1 generated for M:Vortex.Connector.IConnectorFactory.CreateDATE_TIME(Vortex.Connector.IVortexObject,System.String,System.String)
    Unique name M_Vortex_Connector_IConnectorFactory_CreateDINT_1 generated for M:Vortex.Connector.IConnectorFactory.CreateDINT(Vortex.Connector.IVortexObject,System.String,System.String)
    Unique name M_Vortex_Connector_IConnectorFactory_CreateDWORD_1 generated for M:Vortex.Connector.IConnectorFactory.CreateDWORD(Vortex.Connector.IVortexObject,System.String,System.String)
    Unique name M_Vortex_Connector_IConnectorFactory_CreateINT_1 generated for M:Vortex.Connector.IConnectorFactory.CreateINT(Vortex.Connector.IVortexObject,System.String,System.String)
    Unique name M_Vortex_Connector_IConnectorFactory_CreateLINT_1 generated for M:Vortex.Connector.IConnectorFactory.CreateLINT(Vortex.Connector.IVortexObject,System.String,System.String)
    Unique name M_Vortex_Connector_IConnectorFactory_CreateLREAL_1 generated for M:Vortex.Connector.IConnectorFactory.CreateLREAL(Vortex.Connector.IVortexObject,System.String,System.String)
    Unique name M_Vortex_Connector_IConnectorFactory_CreateLTIME_1 generated for M:Vortex.Connector.IConnectorFactory.CreateLTIME(Vortex.Connector.IVortexObject,System.String,System.String)
    Unique name M_Vortex_Connector_IConnectorFactory_CreateLWORD_1 generated for M:Vortex.Connector.IConnectorFactory.CreateLWORD(Vortex.Connector.IVortexObject,System.String,System.String)
    Unique name M_Vortex_Connector_IConnectorFactory_CreateREAL_1 generated for M:Vortex.Connector.IConnectorFactory.CreateREAL(Vortex.Connector.IVortexObject,System.String,System.String)
    Unique name M_Vortex_Connector_IConnectorFactory_CreateSINT_1 generated for M:Vortex.Connector.IConnectorFactory.CreateSINT(Vortex.Connector.IVortexObject,System.String,System.String)
    Unique name M_Vortex_Connector_IConnectorFactory_CreateSTRING_1 generated for M:Vortex.Connector.IConnectorFactory.CreateSTRING(Vortex.Connector.IVortexObject,System.String,System.String)
    Unique name M_Vortex_Connector_IConnectorFactory_CreateTIME_1 generated for M:Vortex.Connector.IConnectorFactory.CreateTIME(Vortex.Connector.IVortexObject,System.String,System.String)
    Unique name M_Vortex_Connector_IConnectorFactory_CreateTIME_OF_DAY_1 generated for M:Vortex.Connector.IConnectorFactory.CreateTIME_OF_DAY(Vortex.Connector.IVortexObject,System.String,System.String)
    Unique name M_Vortex_Connector_IConnectorFactory_CreateUDINT_1 generated for M:Vortex.Connector.IConnectorFactory.CreateUDINT(Vortex.Connector.IVortexObject,System.String,System.String)
    Unique name M_Vortex_Connector_IConnectorFactory_CreateUINT_1 generated for M:Vortex.Connector.IConnectorFactory.CreateUINT(Vortex.Connector.IVortexObject,System.String,System.String)
    Unique name M_Vortex_Connector_IConnectorFactory_CreateULINT_1 generated for M:Vortex.Connector.IConnectorFactory.CreateULINT(Vortex.Connector.IVortexObject,System.String,System.String)
    Unique name M_Vortex_Connector_IConnectorFactory_CreateUSINT_1 generated for M:Vortex.Connector.IConnectorFactory.CreateUSINT(Vortex.Connector.IVortexObject,System.String,System.String)
    Unique name M_Vortex_Connector_IConnectorFactory_CreateWORD_1 generated for M:Vortex.Connector.IConnectorFactory.CreateWORD(Vortex.Connector.IVortexObject,System.String,System.String)
    Unique name M_Vortex_Connector_IConnectorFactory_CreateWSTRING_1 generated for M:Vortex.Connector.IConnectorFactory.CreateWSTRING(Vortex.Connector.IVortexObject,System.String,System.String)
    Unique name M_Vortex_Connector_IgnoreReflectionAttribute_HasIgnoreReflectionAttribute_1 generated for M:Vortex.Connector.IgnoreReflectionAttribute.HasIgnoreReflectionAttribute(System.Reflection.PropertyInfo,System.Object)
    Unique name M_Vortex_Connector_StringInterpolator_Interpolate_1 generated for M:Vortex.Connector.StringInterpolator.Interpolate(System.String,Vortex.Connector.IVortexElement)
    Unique name M_Vortex_Connector_Attributes_CompilerOmitsAttribute__ctor_1 generated for M:Vortex.Connector.Attributes.CompilerOmitsAttribute.#ctor(Vortex.Connector.Attributes.CompilerOmissionGroups[])
    Unique name M_Vortex_Connector_Identity_VortexIdentityProvider_GetVortexerByIdentity_1 generated for M:Vortex.Connector.Identity.VortexIdentityProvider.GetVortexerByIdentity(System.UInt64)
    Unique name M_Vortex_Connector_Identity_VortexIdentityProvider_GetVortexerByIdentity_2 generated for M:Vortex.Connector.Identity.VortexIdentityProvider.GetVortexerByIdentity(Vortex.Connector.Identity.IVortexIdentity)
    Unique name M_Vortex_Connector_Peripheries_IoBindingAttribute__ctor_1 generated for M:Vortex.Connector.Peripheries.IoBindingAttribute.#ctor(System.String,System.String)
    Unique name M_Vortex_Connector_Reflections_ReflectionHelpers_GetObjectOfType_1 generated for M:Vortex.Connector.Reflections.ReflectionHelpers.GetObjectOfType(System.Object,Vortex.Connector.Reflections.ReflectionHelpers.IsRequiredTypeDelegate,System.Collections.Generic.List{System.Object})
    Unique name M_Vortex_Connector_ValueTypes_OnlinerBaseType_1__ctor_1 generated for M:Vortex.Connector.ValueTypes.OnlinerBaseType`1.#ctor(Vortex.Connector.IVortexObject,System.String,System.String)
    Unique name M_Vortex_Connector_ValueTypes_OnlinerBool__ctor_1 generated for M:Vortex.Connector.ValueTypes.OnlinerBool.#ctor(Vortex.Connector.IVortexObject,System.String,System.String)
    Unique name M_Vortex_Connector_ValueTypes_OnlinerByte__ctor_1 generated for M:Vortex.Connector.ValueTypes.OnlinerByte.#ctor(Vortex.Connector.IVortexObject,System.String,System.String)
    Unique name M_Vortex_Connector_ValueTypes_OnlinerDate__ctor_1 generated for M:Vortex.Connector.ValueTypes.OnlinerDate.#ctor(Vortex.Connector.IVortexObject,System.String,System.String)
    Unique name M_Vortex_Connector_ValueTypes_OnlinerDateTime__ctor_1 generated for M:Vortex.Connector.ValueTypes.OnlinerDateTime.#ctor(Vortex.Connector.IVortexObject,System.String,System.String)
    Unique name M_Vortex_Connector_ValueTypes_OnlinerDInt__ctor_1 generated for M:Vortex.Connector.ValueTypes.OnlinerDInt.#ctor(Vortex.Connector.IVortexObject,System.String,System.String)
    Unique name M_Vortex_Connector_ValueTypes_OnlinerDWord__ctor_1 generated for M:Vortex.Connector.ValueTypes.OnlinerDWord.#ctor(Vortex.Connector.IVortexObject,System.String,System.String)
    Unique name M_Vortex_Connector_ValueTypes_OnlinerInt__ctor_1 generated for M:Vortex.Connector.ValueTypes.OnlinerInt.#ctor(Vortex.Connector.IVortexObject,System.String,System.String)
    Unique name M_Vortex_Connector_ValueTypes_OnlinerLInt__ctor_1 generated for M:Vortex.Connector.ValueTypes.OnlinerLInt.#ctor(Vortex.Connector.IVortexObject,System.String,System.String)
    Unique name M_Vortex_Connector_ValueTypes_OnlinerLReal__ctor_1 generated for M:Vortex.Connector.ValueTypes.OnlinerLReal.#ctor(Vortex.Connector.IVortexObject,System.String,System.String)
    Unique name M_Vortex_Connector_ValueTypes_OnlinerLTime__ctor_1 generated for M:Vortex.Connector.ValueTypes.OnlinerLTime.#ctor(Vortex.Connector.IVortexObject,System.String,System.String)
    Unique name M_Vortex_Connector_ValueTypes_OnlinerLWord__ctor_1 generated for M:Vortex.Connector.ValueTypes.OnlinerLWord.#ctor(Vortex.Connector.IVortexObject,System.String,System.String)
    Unique name M_Vortex_Connector_ValueTypes_OnlinerReal__ctor_1 generated for M:Vortex.Connector.ValueTypes.OnlinerReal.#ctor(Vortex.Connector.IVortexObject,System.String,System.String)
    Unique name M_Vortex_Connector_ValueTypes_OnlinerReal_IsCyclicNearlyEqualTo_1 generated for M:Vortex.Connector.ValueTypes.OnlinerReal.IsCyclicNearlyEqualTo(System.Single,System.Single)
    Unique name M_Vortex_Connector_ValueTypes_OnlinerReal_IsSynchronNearlyEqualTo_1 generated for M:Vortex.Connector.ValueTypes.OnlinerReal.IsSynchronNearlyEqualTo(System.Single,System.Single)
    Unique name M_Vortex_Connector_ValueTypes_OnlinerSInt__ctor_1 generated for M:Vortex.Connector.ValueTypes.OnlinerSInt.#ctor(Vortex.Connector.IVortexObject,System.String,System.String)
    Unique name M_Vortex_Connector_ValueTypes_OnlinerString__ctor_1 generated for M:Vortex.Connector.ValueTypes.OnlinerString.#ctor(Vortex.Connector.IVortexObject,System.String,System.String)
    Unique name M_Vortex_Connector_ValueTypes_OnlinerTime__ctor_1 generated for M:Vortex.Connector.ValueTypes.OnlinerTime.#ctor(Vortex.Connector.IVortexObject,System.String,System.String)
    Unique name M_Vortex_Connector_ValueTypes_OnlinerTimeOfDay__ctor_1 generated for M:Vortex.Connector.ValueTypes.OnlinerTimeOfDay.#ctor(Vortex.Connector.IVortexObject,System.String,System.String)
    Unique name M_Vortex_Connector_ValueTypes_OnlinerUDInt__ctor_1 generated for M:Vortex.Connector.ValueTypes.OnlinerUDInt.#ctor(Vortex.Connector.IVortexObject,System.String,System.String)
    Unique name M_Vortex_Connector_ValueTypes_OnlinerUInt__ctor_1 generated for M:Vortex.Connector.ValueTypes.OnlinerUInt.#ctor(Vortex.Connector.IVortexObject,System.String,System.String)
    Unique name M_Vortex_Connector_ValueTypes_OnlinerULInt__ctor_1 generated for M:Vortex.Connector.ValueTypes.OnlinerULInt.#ctor(Vortex.Connector.IVortexObject,System.String,System.String)
    Unique name M_Vortex_Connector_ValueTypes_OnlinerUSInt__ctor_1 generated for M:Vortex.Connector.ValueTypes.OnlinerUSInt.#ctor(Vortex.Connector.IVortexObject,System.String,System.String)
    Unique name M_Vortex_Connector_ValueTypes_OnlinerWord__ctor_1 generated for M:Vortex.Connector.ValueTypes.OnlinerWord.#ctor(Vortex.Connector.IVortexObject,System.String,System.String)
    Unique name M_Vortex_Connector_ValueTypes_OnlinerWString__ctor_1 generated for M:Vortex.Connector.ValueTypes.OnlinerWString.#ctor(Vortex.Connector.IVortexObject,System.String,System.String)
    Unique name M_Vortex_Localizations_LocalizationHelper_CreateTranslationTable_1 generated for M:Vortex.Localizations.LocalizationHelper.CreateTranslationTable(System.String,System.Collections.Generic.List{Vortex.Localizations.Localizables})
    Unique name M_Vortex_Localizations_Abstractions_ITranslator_Get_1 generated for M:Vortex.Localizations.Abstractions.ITranslator.Get(System.Type)
    Unique name M_Vortex_Localizations_Resx_Translator__ctor_1 generated for M:Vortex.Localizations.Resx.Translator.#ctor(System.Type)
  XslTransform (v2020.3.6.0)
  Copyright c 2006-2020, Microsoft Corporation, All Rights Reserved.
  Portions Copyright c 2006-2020, Eric Woodruff, All Rights Reserved.
  Applying XSL transformation &#39;C:\Program Files (x86)\EWSoftware\Sandcastle Help File Builder\ProductionTransforms\ReflectionToManifest.xsl&#39;.
Done Building Project &quot;E:\A1\w\2\s\Doc\Vortex.Connectors.Documentation\Help\Working\TransformManifest.proj&quot; (default targets).
    Last step completed in 00:00:00.9040
</buildStep>
<buildStep step="GenerateNamespaceSummaries">
Generating namespace summary information...
    Last step completed in 00:00:00.1920
</buildStep>
<buildStep step="GenerateInheritedDocumentation">
Generating inherited documentation...
[C:\Program Files (x86)\Microsoft Visual Studio\2019\Community\MSBuild\Current\Bin\MSBuild.exe - GenerateInheritedDocs.proj]
Sandcastle Help File Builder and Tools, version 2020.3.6.0
Copyright c 2006-2020, Eric Woodruff, All Rights Reserved
E-Mail: Eric@EWoodruff.us

Reflection information will be retrieved from &#39;reflection.xml&#39;
Inherited documentation will be written to &#39;_InheritedDocs_.xml&#39;
Indexing C:\Program Files (x86)\Reference Assemblies\Microsoft\Framework\.NETFramework\v4.8\*.xml
Indexing E:\A1\w\2\s\Doc\Vortex.Connectors.Documentation\Help\Working\System.CodeDom.xml
Indexing E:\A1\w\2\s\Doc\Vortex.Connectors.Documentation\Help\Working\System.Security.Principal.Windows.xml
Indexing E:\A1\w\2\s\Doc\Vortex.Connectors.Documentation\Help\Working\System.Security.AccessControl.xml
Indexing E:\A1\w\2\s\Doc\Vortex.Connectors.Documentation\Help\Working\System.Text.Encoding.CodePages.xml
Indexing E:\A1\w\2\s\Doc\Vortex.Connectors.Documentation\Help\Working\Microsoft.Extensions.Logging.Abstractions.xml
Indexing E:\A1\w\2\s\Doc\Vortex.Connectors.Documentation\Help\Working\System.Windows.Extensions.xml
Indexing E:\A1\w\2\s\Doc\Vortex.Connectors.Documentation\Help\Working\System.Security.Permissions.xml
Indexing E:\A1\w\2\s\Doc\Vortex.Connectors.Documentation\Help\Working\System.Configuration.ConfigurationManager.xml
Indexing E:\A1\w\2\s\Doc\Vortex.Connectors.Documentation\Help\Working\TwinCAT.Ads.Abstractions.xml
Indexing E:\A1\w\2\s\Doc\Vortex.Connectors.Documentation\Help\Working\TwinCAT.Ads.Server.xml
Indexing E:\A1\w\2\s\Doc\Vortex.Connectors.Documentation\Help\Working\TwinCAT.Ads.xml
Indexing E:\A1\w\2\s\Doc\Vortex.Connectors.Documentation\Help\Working\Serilog.Sinks.File.xml
Indexing E:\A1\w\2\s\Doc\Vortex.Connectors.Documentation\Help\Working\Serilog.xml
Indexing E:\A1\w\2\s\Doc\Vortex.Connectors.Documentation\Help\Working\Serilog.Sinks.Console.xml
Indexing E:\A1\w\2\s\Doc\Vortex.Connectors.Documentation\Help\Working\Newtonsoft.Json.xml
Indexing E:\A1\w\2\s\Doc\Vortex.Connectors.Documentation\Help\Working\Vortex.Connector.xml
Indexing E:\A1\w\2\s\Doc\Vortex.Connectors.Documentation\Help\Working\Vortex.Adapters.Connector.Tc3.xml
Indexed 167828 members in 144 file(s).  17 file(s) to scan for &lt;inheritdoc /&gt; tags.
Merging inherited documentation...


Documentation merged successfully
    Last step completed in 00:00:01.1850
</buildStep>
<buildStep step="CopyConceptualContent">
Copying conceptual content...
Copying standard token shared content file...
Checking for other token files...
Checking for code snippets files...
Copying images and creating the media map file...
Generating conceptual topic files
    Parsing topic file &#39;E:\A1\w\2\s\Doc\Vortex.Connectors.Documentation\Content\Welcome.aml&#39;
    E:\A1\w\2\s\Doc\Vortex.Connectors.Documentation\Content\Welcome.aml -&gt; E:\A1\w\2\s\Doc\Vortex.Connectors.Documentation\Help\Working\ddueXml\d558a0bb-be7e-4dc6-9f00-fa3b1eb6875b.xml
    Last step completed in 00:00:00.0200
</buildStep>
<buildStep step="CreateConceptualTopicConfigs">
Creating conceptual topic configuration files...
    Companion files
    _ContentMetadata_.xml
    Merging topic IDs into manifest.xml
    Last step completed in 00:00:00.0070
</buildStep>
<buildStep step="CopyAdditionalContent">
Copying additional content files...
E:\A1\w\2\s\Doc\Vortex.Connectors.Documentation\icons\Help.png -&gt; E:\A1\w\2\s\Doc\Vortex.Connectors.Documentation\Help\Working\Output\Markdown\icons\Help.png
    Last step completed in 00:00:00.0040
</buildStep>
<buildStep step="MergeTablesOfContents">
Merging conceptual and additional tables of contents...
    Last step completed in 00:00:00.0030
</buildStep>
<buildStep step="GenerateIntermediateTableOfContents">
Generating intermediate table of contents file...
[C:\Program Files (x86)\Microsoft Visual Studio\2019\Community\MSBuild\Current\Bin\MSBuild.exe - GenerateIntermediateTOC.proj]
Build started 9/17/2020 8:13:48 PM.
Project &quot;E:\A1\w\2\s\Doc\Vortex.Connectors.Documentation\Help\Working\GenerateIntermediateTOC.proj&quot; on node 1 (default targets).
GenerateIntermediateTOC:
  XslTransform (v2020.3.6.0)
  Copyright c 2006-2020, Microsoft Corporation, All Rights Reserved.
  Portions Copyright c 2006-2020, Eric Woodruff, All Rights Reserved.
  Applying XSL transformation &#39;C:\Program Files (x86)\EWSoftware\Sandcastle Help File Builder\\ProductionTransforms\CreateVSToc.xsl&#39;.
Done Building Project &quot;E:\A1\w\2\s\Doc\Vortex.Connectors.Documentation\Help\Working\GenerateIntermediateTOC.proj&quot; (default targets).
Generating conceptual content intermediate TOC file...
    Last step completed in 00:00:00.2600
</buildStep>
<buildStep step="CreateBuildAssemblerConfigs">
Creating Sandcastle configuration files...
    sandcastle.config
    Last step completed in 00:00:00.3640
</buildStep>
<buildStep step="MergeCustomConfigs">
Merging custom build component configurations
E:\A1\w\2\s\Doc\Vortex.Connectors.Documentation\Help\Working\sandcastle.config
  Updating reference topic configurations.
  Updating conceptual topic configurations.
    Removing unused ExampleComponent.
    Last step completed in 00:00:00.0050
</buildStep>
<buildStep step="BuildTopics">
Building help topics...
[C:\Program Files (x86)\Microsoft Visual Studio\2019\Community\MSBuild\Current\Bin\MSBuild.exe - BuildTopics.proj]
Build started 9/17/2020 8:13:49 PM.
Project &quot;E:\A1\w\2\s\Doc\Vortex.Connectors.Documentation\Help\Working\BuildTopics.proj&quot; on node 1 (default targets).
BuildTopics:
  BuildAssembler (v2020.3.6.0)
  Copyright c 2006-2020, Microsoft Corporation, All Rights Reserved.
  Portions Copyright c 2006-2020, Eric Woodruff, All Rights Reserved.
  Loading configuration...
  Processing topics...
BuildAssembler : warning : ResolveReferenceLinksComponent: [P:Vortex.Connector.IConnector.Logger] Unknown reference link target &#39;T:Serilog.ILogger&#39;. [E:\A1\w\2\s\Doc\Vortex.Connectors.Documentation\Help\Working\BuildTopics.proj]
BuildAssembler : warning : ResolveReferenceLinksComponent: [T:Vortex.Connector.ValueTypes.OnlinerBaseType`1] Unknown reference link target &#39;M:Vortex.Connector.ValueTypes.OnlinerBaseType`1.EditValue(`0,`0)&#39;. [E:\A1\w\2\s\Doc\Vortex.Connectors.Documentation\Help\Working\BuildTopics.proj]
BuildAssembler : warning : ResolveReferenceLinksComponent: [Properties.T:Vortex.Connector.ValueTypes.OnlinerBaseType`1] Unknown reference link target &#39;M:Vortex.Connector.ValueTypes.OnlinerBaseType`1.EditValue(`0,`0)&#39;. [E:\A1\w\2\s\Doc\Vortex.Connectors.Documentation\Help\Working\BuildTopics.proj]
BuildAssembler : warning : ResolveReferenceLinksComponent: [P:Vortex.Connector.ValueTypes.OnlinerBaseType`1.Edit] Unknown reference link target &#39;M:Vortex.Connector.ValueTypes.OnlinerBaseType`1.EditValue(`0,`0)&#39;. [E:\A1\w\2\s\Doc\Vortex.Connectors.Documentation\Help\Working\BuildTopics.proj]
BuildAssembler : warning : ResolveReferenceLinksComponent: [T:Vortex.Connector.ValueTypes.OnlinerBool] Unknown reference link target &#39;M:Vortex.Connector.ValueTypes.OnlinerBaseType`1.EditValue(`0,`0)&#39;. [E:\A1\w\2\s\Doc\Vortex.Connectors.Documentation\Help\Working\BuildTopics.proj]
BuildAssembler : warning : ResolveReferenceLinksComponent: [Properties.T:Vortex.Connector.ValueTypes.OnlinerBool] Unknown reference link target &#39;M:Vortex.Connector.ValueTypes.OnlinerBaseType`1.EditValue(`0,`0)&#39;. [E:\A1\w\2\s\Doc\Vortex.Connectors.Documentation\Help\Working\BuildTopics.proj]
BuildAssembler : warning : ResolveReferenceLinksComponent: [T:Vortex.Connector.ValueTypes.OnlinerByte] Unknown reference link target &#39;M:Vortex.Connector.ValueTypes.OnlinerBaseType`1.EditValue(`0,`0)&#39;. [E:\A1\w\2\s\Doc\Vortex.Connectors.Documentation\Help\Working\BuildTopics.proj]
BuildAssembler : warning : ResolveReferenceLinksComponent: [Properties.T:Vortex.Connector.ValueTypes.OnlinerByte] Unknown reference link target &#39;M:Vortex.Connector.ValueTypes.OnlinerBaseType`1.EditValue(`0,`0)&#39;. [E:\A1\w\2\s\Doc\Vortex.Connectors.Documentation\Help\Working\BuildTopics.proj]
BuildAssembler : warning : ResolveReferenceLinksComponent: [T:Vortex.Connector.ValueTypes.OnlinerDate] Unknown reference link target &#39;M:Vortex.Connector.ValueTypes.OnlinerBaseType`1.EditValue(`0,`0)&#39;. [E:\A1\w\2\s\Doc\Vortex.Connectors.Documentation\Help\Working\BuildTopics.proj]
BuildAssembler : warning : ResolveReferenceLinksComponent: [Properties.T:Vortex.Connector.ValueTypes.OnlinerDate] Unknown reference link target &#39;M:Vortex.Connector.ValueTypes.OnlinerBaseType`1.EditValue(`0,`0)&#39;. [E:\A1\w\2\s\Doc\Vortex.Connectors.Documentation\Help\Working\BuildTopics.proj]
BuildAssembler : warning : ResolveReferenceLinksComponent: [T:Vortex.Connector.ValueTypes.OnlinerDateTime] Unknown reference link target &#39;M:Vortex.Connector.ValueTypes.OnlinerBaseType`1.EditValue(`0,`0)&#39;. [E:\A1\w\2\s\Doc\Vortex.Connectors.Documentation\Help\Working\BuildTopics.proj]
BuildAssembler : warning : ResolveReferenceLinksComponent: [Properties.T:Vortex.Connector.ValueTypes.OnlinerDateTime] Unknown reference link target &#39;M:Vortex.Connector.ValueTypes.OnlinerBaseType`1.EditValue(`0,`0)&#39;. [E:\A1\w\2\s\Doc\Vortex.Connectors.Documentation\Help\Working\BuildTopics.proj]
BuildAssembler : warning : ResolveReferenceLinksComponent: [T:Vortex.Connector.ValueTypes.OnlinerDInt] Unknown reference link target &#39;M:Vortex.Connector.ValueTypes.OnlinerBaseType`1.EditValue(`0,`0)&#39;. [E:\A1\w\2\s\Doc\Vortex.Connectors.Documentation\Help\Working\BuildTopics.proj]
BuildAssembler : warning : ResolveReferenceLinksComponent: [Properties.T:Vortex.Connector.ValueTypes.OnlinerDInt] Unknown reference link target &#39;M:Vortex.Connector.ValueTypes.OnlinerBaseType`1.EditValue(`0,`0)&#39;. [E:\A1\w\2\s\Doc\Vortex.Connectors.Documentation\Help\Working\BuildTopics.proj]
BuildAssembler : warning : ResolveReferenceLinksComponent: [T:Vortex.Connector.ValueTypes.OnlinerDWord] Unknown reference link target &#39;M:Vortex.Connector.ValueTypes.OnlinerBaseType`1.EditValue(`0,`0)&#39;. [E:\A1\w\2\s\Doc\Vortex.Connectors.Documentation\Help\Working\BuildTopics.proj]
BuildAssembler : warning : ResolveReferenceLinksComponent: [Properties.T:Vortex.Connector.ValueTypes.OnlinerDWord] Unknown reference link target &#39;M:Vortex.Connector.ValueTypes.OnlinerBaseType`1.EditValue(`0,`0)&#39;. [E:\A1\w\2\s\Doc\Vortex.Connectors.Documentation\Help\Working\BuildTopics.proj]
BuildAssembler : warning : ResolveReferenceLinksComponent: [T:Vortex.Connector.ValueTypes.OnlinerInt] Unknown reference link target &#39;M:Vortex.Connector.ValueTypes.OnlinerBaseType`1.EditValue(`0,`0)&#39;. [E:\A1\w\2\s\Doc\Vortex.Connectors.Documentation\Help\Working\BuildTopics.proj]
BuildAssembler : warning : ResolveReferenceLinksComponent: [Properties.T:Vortex.Connector.ValueTypes.OnlinerInt] Unknown reference link target &#39;M:Vortex.Connector.ValueTypes.OnlinerBaseType`1.EditValue(`0,`0)&#39;. [E:\A1\w\2\s\Doc\Vortex.Connectors.Documentation\Help\Working\BuildTopics.proj]
BuildAssembler : warning : ResolveReferenceLinksComponent: [T:Vortex.Connector.ValueTypes.OnlinerLInt] Unknown reference link target &#39;M:Vortex.Connector.ValueTypes.OnlinerBaseType`1.EditValue(`0,`0)&#39;. [E:\A1\w\2\s\Doc\Vortex.Connectors.Documentation\Help\Working\BuildTopics.proj]
BuildAssembler : warning : ResolveReferenceLinksComponent: [Properties.T:Vortex.Connector.ValueTypes.OnlinerLInt] Unknown reference link target &#39;M:Vortex.Connector.ValueTypes.OnlinerBaseType`1.EditValue(`0,`0)&#39;. [E:\A1\w\2\s\Doc\Vortex.Connectors.Documentation\Help\Working\BuildTopics.proj]
BuildAssembler : warning : ResolveReferenceLinksComponent: [T:Vortex.Connector.ValueTypes.OnlinerLReal] Unknown reference link target &#39;M:Vortex.Connector.ValueTypes.OnlinerBaseType`1.EditValue(`0,`0)&#39;. [E:\A1\w\2\s\Doc\Vortex.Connectors.Documentation\Help\Working\BuildTopics.proj]
BuildAssembler : warning : ResolveReferenceLinksComponent: [Properties.T:Vortex.Connector.ValueTypes.OnlinerLReal] Unknown reference link target &#39;M:Vortex.Connector.ValueTypes.OnlinerBaseType`1.EditValue(`0,`0)&#39;. [E:\A1\w\2\s\Doc\Vortex.Connectors.Documentation\Help\Working\BuildTopics.proj]
BuildAssembler : warning : ResolveReferenceLinksComponent: [T:Vortex.Connector.ValueTypes.OnlinerLTime] Unknown reference link target &#39;M:Vortex.Connector.ValueTypes.OnlinerBaseType`1.EditValue(`0,`0)&#39;. [E:\A1\w\2\s\Doc\Vortex.Connectors.Documentation\Help\Working\BuildTopics.proj]
BuildAssembler : warning : ResolveReferenceLinksComponent: [Properties.T:Vortex.Connector.ValueTypes.OnlinerLTime] Unknown reference link target &#39;M:Vortex.Connector.ValueTypes.OnlinerBaseType`1.EditValue(`0,`0)&#39;. [E:\A1\w\2\s\Doc\Vortex.Connectors.Documentation\Help\Working\BuildTopics.proj]
BuildAssembler : warning : ResolveReferenceLinksComponent: [T:Vortex.Connector.ValueTypes.OnlinerLWord] Unknown reference link target &#39;M:Vortex.Connector.ValueTypes.OnlinerBaseType`1.EditValue(`0,`0)&#39;. [E:\A1\w\2\s\Doc\Vortex.Connectors.Documentation\Help\Working\BuildTopics.proj]
BuildAssembler : warning : ResolveReferenceLinksComponent: [Properties.T:Vortex.Connector.ValueTypes.OnlinerLWord] Unknown reference link target &#39;M:Vortex.Connector.ValueTypes.OnlinerBaseType`1.EditValue(`0,`0)&#39;. [E:\A1\w\2\s\Doc\Vortex.Connectors.Documentation\Help\Working\BuildTopics.proj]
BuildAssembler : warning : ResolveReferenceLinksComponent: [T:Vortex.Connector.ValueTypes.OnlinerReal] Unknown reference link target &#39;M:Vortex.Connector.ValueTypes.OnlinerBaseType`1.EditValue(`0,`0)&#39;. [E:\A1\w\2\s\Doc\Vortex.Connectors.Documentation\Help\Working\BuildTopics.proj]
BuildAssembler : warning : ResolveReferenceLinksComponent: [Properties.T:Vortex.Connector.ValueTypes.OnlinerReal] Unknown reference link target &#39;M:Vortex.Connector.ValueTypes.OnlinerBaseType`1.EditValue(`0,`0)&#39;. [E:\A1\w\2\s\Doc\Vortex.Connectors.Documentation\Help\Working\BuildTopics.proj]
BuildAssembler : warning : ResolveReferenceLinksComponent: [T:Vortex.Connector.ValueTypes.OnlinerSInt] Unknown reference link target &#39;M:Vortex.Connector.ValueTypes.OnlinerBaseType`1.EditValue(`0,`0)&#39;. [E:\A1\w\2\s\Doc\Vortex.Connectors.Documentation\Help\Working\BuildTopics.proj]
BuildAssembler : warning : ResolveReferenceLinksComponent: [Properties.T:Vortex.Connector.ValueTypes.OnlinerSInt] Unknown reference link target &#39;M:Vortex.Connector.ValueTypes.OnlinerBaseType`1.EditValue(`0,`0)&#39;. [E:\A1\w\2\s\Doc\Vortex.Connectors.Documentation\Help\Working\BuildTopics.proj]
BuildAssembler : warning : ResolveReferenceLinksComponent: [T:Vortex.Connector.ValueTypes.OnlinerString] Unknown reference link target &#39;M:Vortex.Connector.ValueTypes.OnlinerBaseType`1.EditValue(`0,`0)&#39;. [E:\A1\w\2\s\Doc\Vortex.Connectors.Documentation\Help\Working\BuildTopics.proj]
BuildAssembler : warning : ResolveReferenceLinksComponent: [Properties.T:Vortex.Connector.ValueTypes.OnlinerString] Unknown reference link target &#39;M:Vortex.Connector.ValueTypes.OnlinerBaseType`1.EditValue(`0,`0)&#39;. [E:\A1\w\2\s\Doc\Vortex.Connectors.Documentation\Help\Working\BuildTopics.proj]
BuildAssembler : warning : ResolveReferenceLinksComponent: [T:Vortex.Connector.ValueTypes.OnlinerTime] Unknown reference link target &#39;M:Vortex.Connector.ValueTypes.OnlinerBaseType`1.EditValue(`0,`0)&#39;. [E:\A1\w\2\s\Doc\Vortex.Connectors.Documentation\Help\Working\BuildTopics.proj]
BuildAssembler : warning : ResolveReferenceLinksComponent: [Properties.T:Vortex.Connector.ValueTypes.OnlinerTime] Unknown reference link target &#39;M:Vortex.Connector.ValueTypes.OnlinerBaseType`1.EditValue(`0,`0)&#39;. [E:\A1\w\2\s\Doc\Vortex.Connectors.Documentation\Help\Working\BuildTopics.proj]
BuildAssembler : warning : ResolveReferenceLinksComponent: [T:Vortex.Connector.ValueTypes.OnlinerTimeOfDay] Unknown reference link target &#39;M:Vortex.Connector.ValueTypes.OnlinerBaseType`1.EditValue(`0,`0)&#39;. [E:\A1\w\2\s\Doc\Vortex.Connectors.Documentation\Help\Working\BuildTopics.proj]
BuildAssembler : warning : ResolveReferenceLinksComponent: [Properties.T:Vortex.Connector.ValueTypes.OnlinerTimeOfDay] Unknown reference link target &#39;M:Vortex.Connector.ValueTypes.OnlinerBaseType`1.EditValue(`0,`0)&#39;. [E:\A1\w\2\s\Doc\Vortex.Connectors.Documentation\Help\Working\BuildTopics.proj]
BuildAssembler : warning : ResolveReferenceLinksComponent: [T:Vortex.Connector.ValueTypes.OnlinerUDInt] Unknown reference link target &#39;M:Vortex.Connector.ValueTypes.OnlinerBaseType`1.EditValue(`0,`0)&#39;. [E:\A1\w\2\s\Doc\Vortex.Connectors.Documentation\Help\Working\BuildTopics.proj]
BuildAssembler : warning : ResolveReferenceLinksComponent: [Properties.T:Vortex.Connector.ValueTypes.OnlinerUDInt] Unknown reference link target &#39;M:Vortex.Connector.ValueTypes.OnlinerBaseType`1.EditValue(`0,`0)&#39;. [E:\A1\w\2\s\Doc\Vortex.Connectors.Documentation\Help\Working\BuildTopics.proj]
BuildAssembler : warning : ResolveReferenceLinksComponent: [T:Vortex.Connector.ValueTypes.OnlinerUInt] Unknown reference link target &#39;M:Vortex.Connector.ValueTypes.OnlinerBaseType`1.EditValue(`0,`0)&#39;. [E:\A1\w\2\s\Doc\Vortex.Connectors.Documentation\Help\Working\BuildTopics.proj]
BuildAssembler : warning : ResolveReferenceLinksComponent: [Properties.T:Vortex.Connector.ValueTypes.OnlinerUInt] Unknown reference link target &#39;M:Vortex.Connector.ValueTypes.OnlinerBaseType`1.EditValue(`0,`0)&#39;. [E:\A1\w\2\s\Doc\Vortex.Connectors.Documentation\Help\Working\BuildTopics.proj]
BuildAssembler : warning : ResolveReferenceLinksComponent: [T:Vortex.Connector.ValueTypes.OnlinerULInt] Unknown reference link target &#39;M:Vortex.Connector.ValueTypes.OnlinerBaseType`1.EditValue(`0,`0)&#39;. [E:\A1\w\2\s\Doc\Vortex.Connectors.Documentation\Help\Working\BuildTopics.proj]
BuildAssembler : warning : ResolveReferenceLinksComponent: [Properties.T:Vortex.Connector.ValueTypes.OnlinerULInt] Unknown reference link target &#39;M:Vortex.Connector.ValueTypes.OnlinerBaseType`1.EditValue(`0,`0)&#39;. [E:\A1\w\2\s\Doc\Vortex.Connectors.Documentation\Help\Working\BuildTopics.proj]
BuildAssembler : warning : ResolveReferenceLinksComponent: [T:Vortex.Connector.ValueTypes.OnlinerUSInt] Unknown reference link target &#39;M:Vortex.Connector.ValueTypes.OnlinerBaseType`1.EditValue(`0,`0)&#39;. [E:\A1\w\2\s\Doc\Vortex.Connectors.Documentation\Help\Working\BuildTopics.proj]
BuildAssembler : warning : ResolveReferenceLinksComponent: [Properties.T:Vortex.Connector.ValueTypes.OnlinerUSInt] Unknown reference link target &#39;M:Vortex.Connector.ValueTypes.OnlinerBaseType`1.EditValue(`0,`0)&#39;. [E:\A1\w\2\s\Doc\Vortex.Connectors.Documentation\Help\Working\BuildTopics.proj]
BuildAssembler : warning : ResolveReferenceLinksComponent: [T:Vortex.Connector.ValueTypes.OnlinerWord] Unknown reference link target &#39;M:Vortex.Connector.ValueTypes.OnlinerBaseType`1.EditValue(`0,`0)&#39;. [E:\A1\w\2\s\Doc\Vortex.Connectors.Documentation\Help\Working\BuildTopics.proj]
BuildAssembler : warning : ResolveReferenceLinksComponent: [Properties.T:Vortex.Connector.ValueTypes.OnlinerWord] Unknown reference link target &#39;M:Vortex.Connector.ValueTypes.OnlinerBaseType`1.EditValue(`0,`0)&#39;. [E:\A1\w\2\s\Doc\Vortex.Connectors.Documentation\Help\Working\BuildTopics.proj]
BuildAssembler : warning : ResolveReferenceLinksComponent: [T:Vortex.Connector.ValueTypes.OnlinerWString] Unknown reference link target &#39;M:Vortex.Connector.ValueTypes.OnlinerBaseType`1.EditValue(`0,`0)&#39;. [E:\A1\w\2\s\Doc\Vortex.Connectors.Documentation\Help\Working\BuildTopics.proj]
BuildAssembler : warning : ResolveReferenceLinksComponent: [Properties.T:Vortex.Connector.ValueTypes.OnlinerWString] Unknown reference link target &#39;M:Vortex.Connector.ValueTypes.OnlinerBaseType`1.EditValue(`0,`0)&#39;. [E:\A1\w\2\s\Doc\Vortex.Connectors.Documentation\Help\Working\BuildTopics.proj]
  Processed 1075 topic(s)
  48 warning(s)
  CopyFromIndexComponent: &quot;metadata&quot; in-memory cache entries used: 1 of 15.
  ResolveArtLinksComponent: Copying media files...
  CopyFromIndexComponent: &quot;reflection&quot; in-memory cache entries used: 6 of 15.
  CopyFromIndexComponent: &quot;comments&quot; in-memory cache entries used: 3 of 30.
Done Building Project &quot;E:\A1\w\2\s\Doc\Vortex.Connectors.Documentation\Help\Working\BuildTopics.proj&quot; (default targets).
    Last step completed in 00:00:10.9451
</buildStep>
<buildStep step="CombiningIntermediateTocFiles">
Combining conceptual and API intermediate TOC files...
    Last step completed in 00:00:00.0050
</buildStep>
<buildStep step="CopyStandardHelpContent">
Copying standard help content...
C:\Program Files (x86)\EWSoftware\Sandcastle Help File Builder\PresentationStyles\Markdown\media\AlertCaution.png -&gt; E:\A1\w\2\s\Doc\Vortex.Connectors.Documentation\Help\Working\Output\Markdown\media\AlertCaution.png
C:\Program Files (x86)\EWSoftware\Sandcastle Help File Builder\PresentationStyles\Markdown\media\AlertNote.png -&gt; E:\A1\w\2\s\Doc\Vortex.Connectors.Documentation\Help\Working\Output\Markdown\media\AlertNote.png
C:\Program Files (x86)\EWSoftware\Sandcastle Help File Builder\PresentationStyles\Markdown\media\AlertSecurity.png -&gt; E:\A1\w\2\s\Doc\Vortex.Connectors.Documentation\Help\Working\Output\Markdown\media\AlertSecurity.png
C:\Program Files (x86)\EWSoftware\Sandcastle Help File Builder\PresentationStyles\Markdown\media\CFW.gif -&gt; E:\A1\w\2\s\Doc\Vortex.Connectors.Documentation\Help\Working\Output\Markdown\media\CFW.gif
C:\Program Files (x86)\EWSoftware\Sandcastle Help File Builder\PresentationStyles\Markdown\media\CodeExample.png -&gt; E:\A1\w\2\s\Doc\Vortex.Connectors.Documentation\Help\Working\Output\Markdown\media\CodeExample.png
C:\Program Files (x86)\EWSoftware\Sandcastle Help File Builder\PresentationStyles\Markdown\media\privclass.gif -&gt; E:\A1\w\2\s\Doc\Vortex.Connectors.Documentation\Help\Working\Output\Markdown\media\privclass.gif
C:\Program Files (x86)\EWSoftware\Sandcastle Help File Builder\PresentationStyles\Markdown\media\privdelegate.gif -&gt; E:\A1\w\2\s\Doc\Vortex.Connectors.Documentation\Help\Working\Output\Markdown\media\privdelegate.gif
C:\Program Files (x86)\EWSoftware\Sandcastle Help File Builder\PresentationStyles\Markdown\media\privenumeration.gif -&gt; E:\A1\w\2\s\Doc\Vortex.Connectors.Documentation\Help\Working\Output\Markdown\media\privenumeration.gif
C:\Program Files (x86)\EWSoftware\Sandcastle Help File Builder\PresentationStyles\Markdown\media\privevent.gif -&gt; E:\A1\w\2\s\Doc\Vortex.Connectors.Documentation\Help\Working\Output\Markdown\media\privevent.gif
C:\Program Files (x86)\EWSoftware\Sandcastle Help File Builder\PresentationStyles\Markdown\media\privextension.gif -&gt; E:\A1\w\2\s\Doc\Vortex.Connectors.Documentation\Help\Working\Output\Markdown\media\privextension.gif
C:\Program Files (x86)\EWSoftware\Sandcastle Help File Builder\PresentationStyles\Markdown\media\privfield.gif -&gt; E:\A1\w\2\s\Doc\Vortex.Connectors.Documentation\Help\Working\Output\Markdown\media\privfield.gif
C:\Program Files (x86)\EWSoftware\Sandcastle Help File Builder\PresentationStyles\Markdown\media\privinterface.gif -&gt; E:\A1\w\2\s\Doc\Vortex.Connectors.Documentation\Help\Working\Output\Markdown\media\privinterface.gif
C:\Program Files (x86)\EWSoftware\Sandcastle Help File Builder\PresentationStyles\Markdown\media\privmethod.gif -&gt; E:\A1\w\2\s\Doc\Vortex.Connectors.Documentation\Help\Working\Output\Markdown\media\privmethod.gif
C:\Program Files (x86)\EWSoftware\Sandcastle Help File Builder\PresentationStyles\Markdown\media\privproperty.gif -&gt; E:\A1\w\2\s\Doc\Vortex.Connectors.Documentation\Help\Working\Output\Markdown\media\privproperty.gif
C:\Program Files (x86)\EWSoftware\Sandcastle Help File Builder\PresentationStyles\Markdown\media\privstructure.gif -&gt; E:\A1\w\2\s\Doc\Vortex.Connectors.Documentation\Help\Working\Output\Markdown\media\privstructure.gif
C:\Program Files (x86)\EWSoftware\Sandcastle Help File Builder\PresentationStyles\Markdown\media\protclass.gif -&gt; E:\A1\w\2\s\Doc\Vortex.Connectors.Documentation\Help\Working\Output\Markdown\media\protclass.gif
C:\Program Files (x86)\EWSoftware\Sandcastle Help File Builder\PresentationStyles\Markdown\media\protdelegate.gif -&gt; E:\A1\w\2\s\Doc\Vortex.Connectors.Documentation\Help\Working\Output\Markdown\media\protdelegate.gif
C:\Program Files (x86)\EWSoftware\Sandcastle Help File Builder\PresentationStyles\Markdown\media\protenumeration.gif -&gt; E:\A1\w\2\s\Doc\Vortex.Connectors.Documentation\Help\Working\Output\Markdown\media\protenumeration.gif
C:\Program Files (x86)\EWSoftware\Sandcastle Help File Builder\PresentationStyles\Markdown\media\protevent.gif -&gt; E:\A1\w\2\s\Doc\Vortex.Connectors.Documentation\Help\Working\Output\Markdown\media\protevent.gif
C:\Program Files (x86)\EWSoftware\Sandcastle Help File Builder\PresentationStyles\Markdown\media\protextension.gif -&gt; E:\A1\w\2\s\Doc\Vortex.Connectors.Documentation\Help\Working\Output\Markdown\media\protextension.gif
C:\Program Files (x86)\EWSoftware\Sandcastle Help File Builder\PresentationStyles\Markdown\media\protfield.gif -&gt; E:\A1\w\2\s\Doc\Vortex.Connectors.Documentation\Help\Working\Output\Markdown\media\protfield.gif
C:\Program Files (x86)\EWSoftware\Sandcastle Help File Builder\PresentationStyles\Markdown\media\protinterface.gif -&gt; E:\A1\w\2\s\Doc\Vortex.Connectors.Documentation\Help\Working\Output\Markdown\media\protinterface.gif
C:\Program Files (x86)\EWSoftware\Sandcastle Help File Builder\PresentationStyles\Markdown\media\protmethod.gif -&gt; E:\A1\w\2\s\Doc\Vortex.Connectors.Documentation\Help\Working\Output\Markdown\media\protmethod.gif
C:\Program Files (x86)\EWSoftware\Sandcastle Help File Builder\PresentationStyles\Markdown\media\protoperator.gif -&gt; E:\A1\w\2\s\Doc\Vortex.Connectors.Documentation\Help\Working\Output\Markdown\media\protoperator.gif
C:\Program Files (x86)\EWSoftware\Sandcastle Help File Builder\PresentationStyles\Markdown\media\protproperty.gif -&gt; E:\A1\w\2\s\Doc\Vortex.Connectors.Documentation\Help\Working\Output\Markdown\media\protproperty.gif
C:\Program Files (x86)\EWSoftware\Sandcastle Help File Builder\PresentationStyles\Markdown\media\protstructure.gif -&gt; E:\A1\w\2\s\Doc\Vortex.Connectors.Documentation\Help\Working\Output\Markdown\media\protstructure.gif
C:\Program Files (x86)\EWSoftware\Sandcastle Help File Builder\PresentationStyles\Markdown\media\pubclass.gif -&gt; E:\A1\w\2\s\Doc\Vortex.Connectors.Documentation\Help\Working\Output\Markdown\media\pubclass.gif
C:\Program Files (x86)\EWSoftware\Sandcastle Help File Builder\PresentationStyles\Markdown\media\pubdelegate.gif -&gt; E:\A1\w\2\s\Doc\Vortex.Connectors.Documentation\Help\Working\Output\Markdown\media\pubdelegate.gif
C:\Program Files (x86)\EWSoftware\Sandcastle Help File Builder\PresentationStyles\Markdown\media\pubenumeration.gif -&gt; E:\A1\w\2\s\Doc\Vortex.Connectors.Documentation\Help\Working\Output\Markdown\media\pubenumeration.gif
C:\Program Files (x86)\EWSoftware\Sandcastle Help File Builder\PresentationStyles\Markdown\media\pubevent.gif -&gt; E:\A1\w\2\s\Doc\Vortex.Connectors.Documentation\Help\Working\Output\Markdown\media\pubevent.gif
C:\Program Files (x86)\EWSoftware\Sandcastle Help File Builder\PresentationStyles\Markdown\media\pubextension.gif -&gt; E:\A1\w\2\s\Doc\Vortex.Connectors.Documentation\Help\Working\Output\Markdown\media\pubextension.gif
C:\Program Files (x86)\EWSoftware\Sandcastle Help File Builder\PresentationStyles\Markdown\media\pubfield.gif -&gt; E:\A1\w\2\s\Doc\Vortex.Connectors.Documentation\Help\Working\Output\Markdown\media\pubfield.gif
C:\Program Files (x86)\EWSoftware\Sandcastle Help File Builder\PresentationStyles\Markdown\media\pubinterface.gif -&gt; E:\A1\w\2\s\Doc\Vortex.Connectors.Documentation\Help\Working\Output\Markdown\media\pubinterface.gif
C:\Program Files (x86)\EWSoftware\Sandcastle Help File Builder\PresentationStyles\Markdown\media\pubmethod.gif -&gt; E:\A1\w\2\s\Doc\Vortex.Connectors.Documentation\Help\Working\Output\Markdown\media\pubmethod.gif
C:\Program Files (x86)\EWSoftware\Sandcastle Help File Builder\PresentationStyles\Markdown\media\puboperator.gif -&gt; E:\A1\w\2\s\Doc\Vortex.Connectors.Documentation\Help\Working\Output\Markdown\media\puboperator.gif
C:\Program Files (x86)\EWSoftware\Sandcastle Help File Builder\PresentationStyles\Markdown\media\pubproperty.gif -&gt; E:\A1\w\2\s\Doc\Vortex.Connectors.Documentation\Help\Working\Output\Markdown\media\pubproperty.gif
C:\Program Files (x86)\EWSoftware\Sandcastle Help File Builder\PresentationStyles\Markdown\media\pubstructure.gif -&gt; E:\A1\w\2\s\Doc\Vortex.Connectors.Documentation\Help\Working\Output\Markdown\media\pubstructure.gif
C:\Program Files (x86)\EWSoftware\Sandcastle Help File Builder\PresentationStyles\Markdown\media\slMobile.gif -&gt; E:\A1\w\2\s\Doc\Vortex.Connectors.Documentation\Help\Working\Output\Markdown\media\slMobile.gif
C:\Program Files (x86)\EWSoftware\Sandcastle Help File Builder\PresentationStyles\Markdown\media\static.gif -&gt; E:\A1\w\2\s\Doc\Vortex.Connectors.Documentation\Help\Working\Output\Markdown\media\static.gif
C:\Program Files (x86)\EWSoftware\Sandcastle Help File Builder\PresentationStyles\Markdown\media\xna.gif -&gt; E:\A1\w\2\s\Doc\Vortex.Connectors.Documentation\Help\Working\Output\Markdown\media\xna.gif
C:\Program Files (x86)\EWSoftware\Sandcastle Help File Builder\PresentationStyles\Markdown\MarkdownContent\_Footer.md -&gt; E:\A1\w\2\s\Doc\Vortex.Connectors.Documentation\Help\Working\Output\Markdown\_Footer.md
    Last step completed in 00:00:00.1330
</buildStep>
<buildStep step="GenerateHelpFormatTableOfContents">
Executing informational Generate Table of Contents build step for plug-ins (not used for Markdown)
    Last step completed in 00:00:00.0010
</buildStep>
<buildStep step="GenerateHelpProject">
Executing informational Generate Help Project build step for plug-ins (not used for Markdown)
    Last step completed in 00:00:00.0010
</buildStep>
<buildStep step="CompilingHelpFile">
Generating markdown content...
[C:\Program Files (x86)\Microsoft Visual Studio\2019\Community\MSBuild\Current\Bin\MSBuild.exe - GenerateMarkdownContent.proj]
  500 topics generated
  1000 topics generated
  Finished generating 1075 topics
  Copying content to output folder...
  Copied 500 files
  Copied 1000 files
  Finished copying 1119 files
    Last step completed in 00:00:01.7040
</buildStep>
<buildStep step="CleanIntermediates">
Removing intermediate files...
    Last step completed in 00:00:00.1080
</buildStep>
<buildStep step="Completed">

Build completed successfully at 9/17/2020 8:14:01 PM.  Total time: 00:00:18.6093

</buildStep>
</shfbBuild>
