<?xml version="1.0" encoding="utf-8"?>
<shfbBuild product="Sandcastle Help File Builder and Tools" version="2020.3.6.0" projectFile="E:\A1\w\5\s\docs\Vortex.Presentation.Wpf.Documentation\Vortex.Presentation.Wpf.Documentation.shfbproj" started="10/27/2020 1:52:29 PM">
<buildStep step="Initializing">
Finding tools...
The Sandcastle tools are located in &#39;C:\Program Files (x86)\EWSoftware\Sandcastle Help File Builder\&#39;
Locating components in the following folder(s):
    E:\A1\w\5\s\docs\Vortex.Presentation.Wpf.Documentation
    C:\ProgramData\EWSoftware\Sandcastle Help File Builder\Components and Plug-Ins\
    C:\Program Files (x86)\EWSoftware\Sandcastle Help File Builder\
Using framework reflection data for &#39;Cross-platform (.NET Core/.NET Standard)&#39; located in &#39;C:\Program Files (x86)\EWSoftware\Sandcastle Help File Builder\Data\.NETFramework&#39;
Using presentation style &#39;Markdown&#39; located in &#39;C:\Program Files (x86)\EWSoftware\Sandcastle Help File Builder\PresentationStyles\Markdown&#39;
Loading and initializing plug-ins...
Assembly Binding Redirection Version 2020.3.6.0
Copyright &#169; 2006-2020, Eric Woodruff, All Rights Reserved
-------------------------------
Clearing any prior web/markdown output...
</buildStep>
<buildStep step="ValidatingDocumentationSources">
Validating and copying documentation source information
Source: E:\A1\w\5\s\src\wpf\Vortex.Presentation.Wpf\Vortex.Presentation.Wpf.csproj
    Found project &#39;E:\A1\w\5\s\src\wpf\Vortex.Presentation.Wpf\Vortex.Presentation.Wpf.csproj&#39;

Parsing project files
    Found assembly &#39;E:\A1\w\5\s\src\wpf\Vortex.Presentation.Wpf\bin\Release\net48\Vortex.Presentation.Wpf.dll&#39;

References to include:
    Inxton.Licencing
    Newtonsoft.Json
    Serilog
    Serilog.Sinks.Console
    Serilog.Sinks.File
    System.Collections
    System.Collections.NonGeneric
    System.Console
    System.Dynamic.Runtime
    System.Globalization
    System.IO
    System.IO.FileSystem
    System.IO.FileSystem.Primitives
    System.Linq
    System.Linq.Expressions
    System.ObjectModel
    System.Reflection
    System.Reflection.Extensions
    System.Reflection.Primitives
    System.Runtime
    System.Runtime.Extensions
    System.Runtime.Handles
    System.Runtime.InteropServices
    System.Runtime.InteropServices.RuntimeInformation
    System.Text.Encoding
    System.Text.Encoding.Extensions
    System.Text.RegularExpressions
    System.Threading
    System.Threading.Tasks
    System.Threading.Timer
    Vortex.Connector
    Vortex.Framework.Abstractions

Copying XML comments files
    C:\MTS\Develop\foxtroth\vortex.framework.presentation\src\wpf\Vortex.Presentation.Wpf\Vortex.Presentation.Wpf.xml -&gt; E:\A1\w\5\s\docs\Vortex.Presentation.Wpf.Documentation\Help\Working\Vortex.Presentation.Wpf.xml
</buildStep>
<buildStep step="GenerateSharedContent">
Generating shared content files (en-US, English (United States))...
    Last step completed in 00:00:00.0070
</buildStep>
<buildStep step="GenerateApiFilter">
Generating API filter for MRefBuilder...
    Last step completed in 00:00:00.0030
</buildStep>
<buildStep step="GenerateReflectionInfo">
Generating reflection information...
<plugIn name="Assembly Binding Redirection" behavior="Before" priority="1000">
Adding ignored assembly names to assembly resolver configuration:
    BusinessObjects.Licensing.KeycodeDecoder
    Microsoft.VisualStudio.TestTools.UITest.Playback
    PresentationCore
    PresentationFramework
    System
    WindowsBase
</plugIn>[C:\Program Files (x86)\Microsoft Visual Studio\2019\Community\MSBuild\Current\Bin\MSBuild.exe - GenerateRefInfo.proj]
Build started 10/27/2020 1:52:31 PM.
Project &quot;E:\A1\w\5\s\docs\Vortex.Presentation.Wpf.Documentation\Help\Working\GenerateRefInfo.proj&quot; on node 1 (default targets).
PrepareForBuild:
  Creating directory &quot;obj\Debug\&quot;.
GenerateBindingRedirects:
  No suggested binding redirects from ResolveAssemblyReferences.
GenerateRefInfo:
  MRefBuilder (v2020.3.6.0)
  Copyright c 2006-2020, Microsoft Corporation, All Rights Reserved.
  Portions Copyright c 2006-2020, Eric Woodruff, All Rights Reserved.
  No source code context base path specified.  Source context information is unavailable.
  Loaded 1 assemblies for reflection and 112 dependency assemblies.
  Wrote information on 3 namespaces, 42 types, and 181 members
  Copying file from &quot;E:\A1\w\5\s\docs\Vortex.Presentation.Wpf.Documentation\Help\Working\reflection.org&quot; to &quot;E:\A1\w\5\s\docs\Vortex.Presentation.Wpf.Documentation\Help\Working\reflection.all&quot;.
  XslTransform (v2020.3.6.0)
  Copyright c 2006-2020, Microsoft Corporation, All Rights Reserved.
  Portions Copyright c 2006-2020, Eric Woodruff, All Rights Reserved.
  Applying XSL transformation &#39;C:\Program Files (x86)\EWSoftware\Sandcastle Help File Builder\ProductionTransforms\MergeDuplicates.xsl&#39;.
  Applying XSL transformation &#39;C:\Program Files (x86)\EWSoftware\Sandcastle Help File Builder\ProductionTransforms\AddXamlSyntaxData.xsl&#39;.
Done Building Project &quot;E:\A1\w\5\s\docs\Vortex.Presentation.Wpf.Documentation\Help\Working\GenerateRefInfo.proj&quot; (default targets).
    Last step completed in 00:00:03.2020
</buildStep>
<buildStep step="TransformReflectionInfo">
Transforming reflection output...
[C:\Program Files (x86)\Microsoft Visual Studio\2019\Community\MSBuild\Current\Bin\MSBuild.exe - TransformManifest.proj]
Build started 10/27/2020 1:52:34 PM.
Project &quot;E:\A1\w\5\s\docs\Vortex.Presentation.Wpf.Documentation\Help\Working\TransformManifest.proj&quot; on node 1 (default targets).
TransformManifest:
  XslTransform (v2020.3.6.0)
  Copyright c 2006-2020, Microsoft Corporation, All Rights Reserved.
  Portions Copyright c 2006-2020, Eric Woodruff, All Rights Reserved.
  Applying XSL transformation &#39;C:\Program Files (x86)\EWSoftware\Sandcastle Help File Builder\\ProductionTransforms\ApplyVSDocModel.xsl&#39;.
  Copying file from &quot;E:\A1\w\5\s\docs\Vortex.Presentation.Wpf.Documentation\Help\Working\reflection.xml&quot; to &quot;E:\A1\w\5\s\docs\Vortex.Presentation.Wpf.Documentation\Help\Working\reflection.ungrouped&quot;.
  AddNamespaceGroups (v2020.3.6.0)
  Copyright c 2006-2020, Eric Woodruff, All Rights Reserved
  Added 1 namespace group entries
  Copying file from &quot;E:\A1\w\5\s\docs\Vortex.Presentation.Wpf.Documentation\Help\Working\reflection.xml&quot; to &quot;E:\A1\w\5\s\docs\Vortex.Presentation.Wpf.Documentation\Help\Working\reflection.nofilenames&quot;.
  XslTransform (v2020.3.6.0)
  Copyright c 2006-2020, Microsoft Corporation, All Rights Reserved.
  Portions Copyright c 2006-2020, Eric Woodruff, All Rights Reserved.
  Applying XSL transformation &#39;C:\Program Files (x86)\EWSoftware\Sandcastle Help File Builder\ProductionTransforms\AddFilenames.xsl&#39;.
    Unique name M_Vortex_Presentation_Wpf_CreatorFailureDisplayBox__ctor_1 generated for M:Vortex.Presentation.Wpf.CreatorFailureDisplayBox.#ctor(System.Exception,Vortex.Presentation.Wpf.ReportingLevel)
    Unique name M_Vortex_Presentation_Wpf_RelayCommand__ctor_1 generated for M:Vortex.Presentation.Wpf.RelayCommand.#ctor(System.Action{System.Object},System.Func{System.Object,System.Boolean})
    Unique name M_Vortex_Presentation_Wpf_RelayCommand__ctor_2 generated for M:Vortex.Presentation.Wpf.RelayCommand.#ctor(System.Action{System.Object},System.Func{System.Object,System.Boolean},System.Object,System.String)
    Unique name M_Vortex_Presentation_Wpf_RelayCommand__ctor_3 generated for M:Vortex.Presentation.Wpf.RelayCommand.#ctor(System.Action{System.Object},System.Func{System.Object,System.Boolean},Vortex.Connector.IVortexObject,System.String)
    Unique name M_Vortex_Presentation_Wpf_RelayCommand_1__ctor_1 generated for M:Vortex.Presentation.Wpf.RelayCommand`1.#ctor(System.Action{`0},System.Func{`0,System.Boolean},Vortex.Connector.IVortexObject,System.String)
  XslTransform (v2020.3.6.0)
  Copyright c 2006-2020, Microsoft Corporation, All Rights Reserved.
  Portions Copyright c 2006-2020, Eric Woodruff, All Rights Reserved.
  Applying XSL transformation &#39;C:\Program Files (x86)\EWSoftware\Sandcastle Help File Builder\ProductionTransforms\ReflectionToManifest.xsl&#39;.
Done Building Project &quot;E:\A1\w\5\s\docs\Vortex.Presentation.Wpf.Documentation\Help\Working\TransformManifest.proj&quot; (default targets).
    Last step completed in 00:00:01.7610
</buildStep>
<buildStep step="GenerateNamespaceSummaries">
Generating namespace summary information...
    Last step completed in 00:00:00.2660
</buildStep>
<buildStep step="GenerateInheritedDocumentation">
Generating inherited documentation...
[C:\Program Files (x86)\Microsoft Visual Studio\2019\Community\MSBuild\Current\Bin\MSBuild.exe - GenerateInheritedDocs.proj]
Sandcastle Help File Builder and Tools, version 2020.3.6.0
Copyright c 2006-2020, Eric Woodruff, All Rights Reserved
E-Mail: Eric@EWoodruff.us

Reflection information will be retrieved from &#39;reflection.xml&#39;
Inherited documentation will be written to &#39;_InheritedDocs_.xml&#39;
Indexing C:\Program Files (x86)\Reference Assemblies\Microsoft\Framework\.NETFramework\v4.7.2\*.xml
Indexing E:\A1\w\5\s\docs\Vortex.Presentation.Wpf.Documentation\Help\Working\System.Threading.Timer.xml
Indexing E:\A1\w\5\s\docs\Vortex.Presentation.Wpf.Documentation\Help\Working\System.Text.Encoding.Extensions.xml
Indexing E:\A1\w\5\s\docs\Vortex.Presentation.Wpf.Documentation\Help\Working\System.IO.FileSystem.Primitives.xml
Indexing E:\A1\w\5\s\docs\Vortex.Presentation.Wpf.Documentation\Help\Working\System.IO.FileSystem.xml
Indexing E:\A1\w\5\s\docs\Vortex.Presentation.Wpf.Documentation\Help\Working\Serilog.Sinks.File.xml
Indexing E:\A1\w\5\s\docs\Vortex.Presentation.Wpf.Documentation\Help\Working\System.Threading.xml
Indexing E:\A1\w\5\s\docs\Vortex.Presentation.Wpf.Documentation\Help\Working\System.Globalization.xml
Indexing E:\A1\w\5\s\docs\Vortex.Presentation.Wpf.Documentation\Help\Working\System.Reflection.Extensions.xml
Indexing E:\A1\w\5\s\docs\Vortex.Presentation.Wpf.Documentation\Help\Working\System.Runtime.Handles.xml
Indexing E:\A1\w\5\s\docs\Vortex.Presentation.Wpf.Documentation\Help\Working\System.Reflection.Primitives.xml
Indexing E:\A1\w\5\s\docs\Vortex.Presentation.Wpf.Documentation\Help\Working\System.Reflection.xml
Indexing E:\A1\w\5\s\docs\Vortex.Presentation.Wpf.Documentation\Help\Working\System.Text.Encoding.xml
Indexing E:\A1\w\5\s\docs\Vortex.Presentation.Wpf.Documentation\Help\Working\System.Runtime.xml
Indexing E:\A1\w\5\s\docs\Vortex.Presentation.Wpf.Documentation\Help\Working\System.Threading.Tasks.xml
Indexing E:\A1\w\5\s\docs\Vortex.Presentation.Wpf.Documentation\Help\Working\System.IO.xml
Indexing E:\A1\w\5\s\docs\Vortex.Presentation.Wpf.Documentation\Help\Working\System.Console.xml
Indexing E:\A1\w\5\s\docs\Vortex.Presentation.Wpf.Documentation\Help\Working\System.Text.RegularExpressions.xml
Indexing E:\A1\w\5\s\docs\Vortex.Presentation.Wpf.Documentation\Help\Working\System.Runtime.Extensions.xml
Indexing E:\A1\w\5\s\docs\Vortex.Presentation.Wpf.Documentation\Help\Working\System.Linq.xml
Indexing E:\A1\w\5\s\docs\Vortex.Presentation.Wpf.Documentation\Help\Working\System.ObjectModel.xml
Indexing E:\A1\w\5\s\docs\Vortex.Presentation.Wpf.Documentation\Help\Working\System.Linq.Expressions.xml
Indexing E:\A1\w\5\s\docs\Vortex.Presentation.Wpf.Documentation\Help\Working\System.Dynamic.Runtime.xml
Indexing E:\A1\w\5\s\docs\Vortex.Presentation.Wpf.Documentation\Help\Working\System.Collections.NonGeneric.xml
Indexing E:\A1\w\5\s\docs\Vortex.Presentation.Wpf.Documentation\Help\Working\System.Collections.xml
Indexing E:\A1\w\5\s\docs\Vortex.Presentation.Wpf.Documentation\Help\Working\Serilog.xml
Indexing E:\A1\w\5\s\docs\Vortex.Presentation.Wpf.Documentation\Help\Working\Serilog.Sinks.Console.xml
Indexing E:\A1\w\5\s\docs\Vortex.Presentation.Wpf.Documentation\Help\Working\Newtonsoft.Json.xml
Indexing E:\A1\w\5\s\docs\Vortex.Presentation.Wpf.Documentation\Help\Working\Vortex.Connector.xml
Indexing E:\A1\w\5\s\docs\Vortex.Presentation.Wpf.Documentation\Help\Working\Vortex.Framework.Abstractions.xml
Indexing E:\A1\w\5\s\docs\Vortex.Presentation.Wpf.Documentation\Help\Working\Vortex.Presentation.Wpf.xml
Indexed 161949 members in 157 file(s).  30 file(s) to scan for &lt;inheritdoc /&gt; tags.
Merging inherited documentation...


Documentation merged successfully
    Last step completed in 00:00:01.3430
</buildStep>
<buildStep step="CopyConceptualContent">
Copying conceptual content...
Copying standard token shared content file...
Checking for other token files...
Checking for code snippets files...
Copying images and creating the media map file...
    E:\A1\w\5\s\docs\Vortex.Presentation.Wpf.Documentation\media\AutomatedUI\RenderAsDiagnosticsBase.PNG -&gt; E:\A1\w\5\s\docs\Vortex.Presentation.Wpf.Documentation\Help\Working\media\RenderAsDiagnosticsBase.PNG
    E:\A1\w\5\s\docs\Vortex.Presentation.Wpf.Documentation\media\AutomatedUI\RenderAsDiagnosticsManual.PNG -&gt; E:\A1\w\5\s\docs\Vortex.Presentation.Wpf.Documentation\Help\Working\media\RenderAsDiagnosticsManual.PNG
    E:\A1\w\5\s\docs\Vortex.Presentation.Wpf.Documentation\media\AutomatedUI\RenderCouterNoCustomView.PNG -&gt; E:\A1\w\5\s\docs\Vortex.Presentation.Wpf.Documentation\Help\Working\media\RenderCouterNoCustomView.PNG
    E:\A1\w\5\s\docs\Vortex.Presentation.Wpf.Documentation\media\AutomatedUI\RenderedAsBase.PNG -&gt; E:\A1\w\5\s\docs\Vortex.Presentation.Wpf.Documentation\Help\Working\media\RenderedAsBase.PNG
    E:\A1\w\5\s\docs\Vortex.Presentation.Wpf.Documentation\media\AutomatedUI\RenderedAsManual.PNG -&gt; E:\A1\w\5\s\docs\Vortex.Presentation.Wpf.Documentation\Help\Working\media\RenderedAsManual.PNG
    E:\A1\w\5\s\docs\Vortex.Presentation.Wpf.Documentation\media\AutomatedUI\RendererConsumingExample.PNG -&gt; E:\A1\w\5\s\docs\Vortex.Presentation.Wpf.Documentation\Help\Working\media\RendererConsumingExample.PNG
    E:\A1\w\5\s\docs\Vortex.Presentation.Wpf.Documentation\media\AutomatedUI\rendering_chart.png -&gt; E:\A1\w\5\s\docs\Vortex.Presentation.Wpf.Documentation\Help\Working\media\rendering_chart.png
    E:\A1\w\5\s\docs\Vortex.Presentation.Wpf.Documentation\media\AutomatedUI\ST01_RENDERING_EXAMPLE.PNG -&gt; E:\A1\w\5\s\docs\Vortex.Presentation.Wpf.Documentation\Help\Working\media\ST01_RENDERING_EXAMPLE.PNG
Generating conceptual topic files
    Last step completed in 00:00:00.0390
</buildStep>
<buildStep step="CreateConceptualTopicConfigs">
Creating conceptual topic configuration files...
    Companion files
    _ContentMetadata_.xml
    Merging topic IDs into manifest.xml
    Last step completed in 00:00:00.0040
</buildStep>
<buildStep step="CopyAdditionalContent">
Copying additional content files...
E:\A1\w\5\s\docs\Vortex.Presentation.Wpf.Documentation\icons\Help.png -&gt; E:\A1\w\5\s\docs\Vortex.Presentation.Wpf.Documentation\Help\Working\Output\Markdown\icons\Help.png
    Last step completed in 00:00:00.0050
</buildStep>
<buildStep step="MergeTablesOfContents">
Merging conceptual and additional tables of contents...
    Last step completed in 00:00:00.0010
</buildStep>
<buildStep step="GenerateIntermediateTableOfContents">
Generating intermediate table of contents file...
[C:\Program Files (x86)\Microsoft Visual Studio\2019\Community\MSBuild\Current\Bin\MSBuild.exe - GenerateIntermediateTOC.proj]
Build started 10/27/2020 1:52:37 PM.
Project &quot;E:\A1\w\5\s\docs\Vortex.Presentation.Wpf.Documentation\Help\Working\GenerateIntermediateTOC.proj&quot; on node 1 (default targets).
GenerateIntermediateTOC:
  XslTransform (v2020.3.6.0)
  Copyright c 2006-2020, Microsoft Corporation, All Rights Reserved.
  Portions Copyright c 2006-2020, Eric Woodruff, All Rights Reserved.
  Applying XSL transformation &#39;C:\Program Files (x86)\EWSoftware\Sandcastle Help File Builder\\ProductionTransforms\CreateVSToc.xsl&#39;.
Done Building Project &quot;E:\A1\w\5\s\docs\Vortex.Presentation.Wpf.Documentation\Help\Working\GenerateIntermediateTOC.proj&quot; (default targets).
Generating conceptual content intermediate TOC file...
    Last step completed in 00:00:00.2920
</buildStep>
<buildStep step="CreateBuildAssemblerConfigs">
Creating Sandcastle configuration files...
    sandcastle.config
    Last step completed in 00:00:00.2410
</buildStep>
<buildStep step="MergeCustomConfigs">
Merging custom build component configurations
E:\A1\w\5\s\docs\Vortex.Presentation.Wpf.Documentation\Help\Working\sandcastle.config
  Updating reference topic configurations.
  Updating conceptual topic configurations.
    Removing unused ExampleComponent.
    Last step completed in 00:00:00.0050
</buildStep>
<buildStep step="BuildTopics">
Building help topics...
[C:\Program Files (x86)\Microsoft Visual Studio\2019\Community\MSBuild\Current\Bin\MSBuild.exe - BuildTopics.proj]
Build started 10/27/2020 1:52:38 PM.
Project &quot;E:\A1\w\5\s\docs\Vortex.Presentation.Wpf.Documentation\Help\Working\BuildTopics.proj&quot; on node 1 (default targets).
BuildTopics:
  BuildAssembler (v2020.3.6.0)
  Copyright c 2006-2020, Microsoft Corporation, All Rights Reserved.
  Portions Copyright c 2006-2020, Eric Woodruff, All Rights Reserved.
  Loading configuration...
  Processing topics...
BuildAssembler : warning : ResolveReferenceLinksComponent: [P:Vortex.Presentation.Controls.Wpf.Enumerators.EnumeratorContainer.ValueHolder] Unknown reference link target &#39;T:Vortex.Connector.IVortexElement&#39;. [E:\A1\w\5\s\docs\Vortex.Presentation.Wpf.Documentation\Help\Working\BuildTopics.proj]
BuildAssembler : warning : ResolveReferenceLinksComponent: [N:Vortex.Presentation.Wpf] Unknown reference link target &#39;T:Vortex.Connector.IVortexObject&#39;. [E:\A1\w\5\s\docs\Vortex.Presentation.Wpf.Documentation\Help\Working\BuildTopics.proj]
BuildAssembler : warning : ResolveReferenceLinksComponent: [N:Vortex.Presentation.Wpf] Unknown reference link target &#39;T:Vortex.Connector.IValueTag&#39;. [E:\A1\w\5\s\docs\Vortex.Presentation.Wpf.Documentation\Help\Working\BuildTopics.proj]
BuildAssembler : warning : ResolveReferenceLinksComponent: [N:Vortex.Presentation.Wpf] Unknown reference link target &#39;!:Twin&#39;. [E:\A1\w\5\s\docs\Vortex.Presentation.Wpf.Documentation\Help\Working\BuildTopics.proj]
BuildAssembler : warning : ResolveReferenceLinksComponent: [N:Vortex.Presentation.Wpf] Invalid reference link target &#39;!:Twin&#39;. [E:\A1\w\5\s\docs\Vortex.Presentation.Wpf.Documentation\Help\Working\BuildTopics.proj]
BuildAssembler : warning : ResolveReferenceLinksComponent: [N:Vortex.Presentation.Wpf] Unknown reference link target &#39;T:Vortex.Connector.IVortexObject&#39;. [E:\A1\w\5\s\docs\Vortex.Presentation.Wpf.Documentation\Help\Working\BuildTopics.proj]
BuildAssembler : warning : ResolveReferenceLinksComponent: [N:Vortex.Presentation.Wpf] Unknown reference link target &#39;T:Vortex.Connector.IValueTag&#39;. [E:\A1\w\5\s\docs\Vortex.Presentation.Wpf.Documentation\Help\Working\BuildTopics.proj]
BuildAssembler : warning : ResolveReferenceLinksComponent: [N:Vortex.Presentation.Wpf] Unknown reference link target &#39;T:Vortex.Connector.IVortexObject&#39;. [E:\A1\w\5\s\docs\Vortex.Presentation.Wpf.Documentation\Help\Working\BuildTopics.proj]
BuildAssembler : warning : ResolveReferenceLinksComponent: [N:Vortex.Presentation.Wpf] Unknown reference link target &#39;T:Vortex.Connector.IValueTag&#39;. [E:\A1\w\5\s\docs\Vortex.Presentation.Wpf.Documentation\Help\Working\BuildTopics.proj]
BuildAssembler : warning : ResolveReferenceLinksComponent: [M:Vortex.Presentation.Wpf.RelayCommand.#ctor(System.Action{System.Object},System.Func{System.Object,System.Boolean},Vortex.Connector.IVortexObject,System.String)] Unknown reference link target &#39;T:Vortex.Connector.IVortexObject&#39;. [E:\A1\w\5\s\docs\Vortex.Presentation.Wpf.Documentation\Help\Working\BuildTopics.proj]
BuildAssembler : warning : ResolveReferenceLinksComponent: [M:Vortex.Presentation.Wpf.RelayCommand`1.#ctor(System.Action{`0},System.Func{`0,System.Boolean},Vortex.Connector.IVortexObject,System.String)] Unknown reference link target &#39;T:Vortex.Connector.IVortexObject&#39;. [E:\A1\w\5\s\docs\Vortex.Presentation.Wpf.Documentation\Help\Working\BuildTopics.proj]
BuildAssembler : warning : ResolveReferenceLinksComponent: [T:Vortex.Presentation.Wpf.RenderableContentControl] Unknown reference link target &#39;T:Vortex.Connector.IVortexObject&#39;. [E:\A1\w\5\s\docs\Vortex.Presentation.Wpf.Documentation\Help\Working\BuildTopics.proj]
BuildAssembler : warning : ResolveReferenceLinksComponent: [T:Vortex.Presentation.Wpf.RenderableContentControl] Unknown reference link target &#39;T:Vortex.Connector.IValueTag&#39;. [E:\A1\w\5\s\docs\Vortex.Presentation.Wpf.Documentation\Help\Working\BuildTopics.proj]
BuildAssembler : warning : ResolveReferenceLinksComponent: [M:Vortex.Presentation.Wpf.RenderableContentControl.Create(Vortex.Connector.IVortexObject,System.String)] Unknown reference link target &#39;T:Vortex.Connector.IVortexObject&#39;. [E:\A1\w\5\s\docs\Vortex.Presentation.Wpf.Documentation\Help\Working\BuildTopics.proj]
BuildAssembler : warning : ResolveReferenceLinksComponent: [M:Vortex.Presentation.Wpf.RenderableContentControl.Create(Vortex.Connector.IVortexObject,System.String)] Unknown reference link target &#39;T:Vortex.Connector.IVortexObject&#39;. [E:\A1\w\5\s\docs\Vortex.Presentation.Wpf.Documentation\Help\Working\BuildTopics.proj]
BuildAssembler : warning : ResolveReferenceLinksComponent: [T:Vortex.Presentation.Wpf.RenderContentConverter] Unknown reference link target &#39;!:Twin&#39;. [E:\A1\w\5\s\docs\Vortex.Presentation.Wpf.Documentation\Help\Working\BuildTopics.proj]
BuildAssembler : warning : ResolveReferenceLinksComponent: [T:Vortex.Presentation.Wpf.RenderContentConverter] Invalid reference link target &#39;!:Twin&#39;. [E:\A1\w\5\s\docs\Vortex.Presentation.Wpf.Documentation\Help\Working\BuildTopics.proj]
BuildAssembler : warning : ResolveReferenceLinksComponent: [T:Vortex.Presentation.Wpf.RenderContentConverter] Unknown reference link target &#39;T:Vortex.Connector.IVortexObject&#39;. [E:\A1\w\5\s\docs\Vortex.Presentation.Wpf.Documentation\Help\Working\BuildTopics.proj]
BuildAssembler : warning : ResolveReferenceLinksComponent: [T:Vortex.Presentation.Wpf.RenderContentConverter] Unknown reference link target &#39;T:Vortex.Connector.IValueTag&#39;. [E:\A1\w\5\s\docs\Vortex.Presentation.Wpf.Documentation\Help\Working\BuildTopics.proj]
BuildAssembler : warning : ResolveReferenceLinksComponent: [T:Vortex.Presentation.Wpf.RenderContentConverter] Unknown reference link target &#39;T:Vortex.Connector.IVortexObject&#39;. [E:\A1\w\5\s\docs\Vortex.Presentation.Wpf.Documentation\Help\Working\BuildTopics.proj]
BuildAssembler : warning : ResolveReferenceLinksComponent: [T:Vortex.Presentation.Wpf.RenderContentConverter] Unknown reference link target &#39;T:Vortex.Connector.IValueTag&#39;. [E:\A1\w\5\s\docs\Vortex.Presentation.Wpf.Documentation\Help\Working\BuildTopics.proj]
BuildAssembler : warning : ResolveReferenceLinksComponent: [Methods.T:Vortex.Presentation.Wpf.RenderContentConverter] Unknown reference link target &#39;T:Vortex.Connector.IVortexObject&#39;. [E:\A1\w\5\s\docs\Vortex.Presentation.Wpf.Documentation\Help\Working\BuildTopics.proj]
BuildAssembler : warning : ResolveReferenceLinksComponent: [Methods.T:Vortex.Presentation.Wpf.RenderContentConverter] Unknown reference link target &#39;T:Vortex.Connector.IValueTag&#39;. [E:\A1\w\5\s\docs\Vortex.Presentation.Wpf.Documentation\Help\Working\BuildTopics.proj]
BuildAssembler : warning : ResolveReferenceLinksComponent: [M:Vortex.Presentation.Wpf.RenderContentConverter.Convert(System.Object,System.Type,System.Object,System.Globalization.CultureInfo)] Unknown reference link target &#39;T:Vortex.Connector.IVortexObject&#39;. [E:\A1\w\5\s\docs\Vortex.Presentation.Wpf.Documentation\Help\Working\BuildTopics.proj]
BuildAssembler : warning : ResolveReferenceLinksComponent: [M:Vortex.Presentation.Wpf.RenderContentConverter.Convert(System.Object,System.Type,System.Object,System.Globalization.CultureInfo)] Unknown reference link target &#39;T:Vortex.Connector.IValueTag&#39;. [E:\A1\w\5\s\docs\Vortex.Presentation.Wpf.Documentation\Help\Working\BuildTopics.proj]
BuildAssembler : warning : ResolveReferenceLinksComponent: [M:Vortex.Presentation.Wpf.RenderContentConverter.Convert(System.Object,System.Type,System.Object,System.Globalization.CultureInfo)] Unknown reference link target &#39;T:Vortex.Connector.IVortexObject&#39;. [E:\A1\w\5\s\docs\Vortex.Presentation.Wpf.Documentation\Help\Working\BuildTopics.proj]
BuildAssembler : warning : ResolveReferenceLinksComponent: [M:Vortex.Presentation.Wpf.RenderContentConverter.Convert(System.Object,System.Type,System.Object,System.Globalization.CultureInfo)] Unknown reference link target &#39;T:Vortex.Connector.IValueTag&#39;. [E:\A1\w\5\s\docs\Vortex.Presentation.Wpf.Documentation\Help\Working\BuildTopics.proj]
BuildAssembler : warning : ResolveConceptualLinksComponent: [T:Vortex.Presentation.Wpf.Renderer] Unknown conceptual link target &#39;f89438a0-b071-411f-9c91-3061a8156633&#39;. [E:\A1\w\5\s\docs\Vortex.Presentation.Wpf.Documentation\Help\Working\BuildTopics.proj]
BuildAssembler : warning : ResolveReferenceLinksComponent: [T:Vortex.Presentation.Wpf.Renderer] Unknown reference link target &#39;T:Vortex.Connector.IVortexObject&#39;. [E:\A1\w\5\s\docs\Vortex.Presentation.Wpf.Documentation\Help\Working\BuildTopics.proj]
BuildAssembler : warning : ResolveReferenceLinksComponent: [T:Vortex.Presentation.Wpf.Renderer] Unknown reference link target &#39;T:Vortex.Connector.IValueTag&#39;. [E:\A1\w\5\s\docs\Vortex.Presentation.Wpf.Documentation\Help\Working\BuildTopics.proj]
BuildAssembler : warning : ResolveReferenceLinksComponent: [T:Vortex.Presentation.Wpf.Renderer] Unknown reference link target &#39;T:Vortex.Connector.IVortexObject&#39;. [E:\A1\w\5\s\docs\Vortex.Presentation.Wpf.Documentation\Help\Working\BuildTopics.proj]
BuildAssembler : warning : ResolveReferenceLinksComponent: [T:Vortex.Presentation.Wpf.Renderer] Unknown reference link target &#39;T:Vortex.Connector.IValueTag&#39;. [E:\A1\w\5\s\docs\Vortex.Presentation.Wpf.Documentation\Help\Working\BuildTopics.proj]
BuildAssembler : warning : ResolveReferenceLinksComponent: [T:Vortex.Presentation.Wpf.Renderer] Unknown reference link target &#39;T:Vortex.Connector.IVortexObject&#39;. [E:\A1\w\5\s\docs\Vortex.Presentation.Wpf.Documentation\Help\Working\BuildTopics.proj]
BuildAssembler : warning : ResolveReferenceLinksComponent: [Methods.T:Vortex.Presentation.Wpf.Renderer] Unknown reference link target &#39;T:Vortex.Connector.IVortexObject&#39;. [E:\A1\w\5\s\docs\Vortex.Presentation.Wpf.Documentation\Help\Working\BuildTopics.proj]
BuildAssembler : warning : ResolveReferenceLinksComponent: [Methods.T:Vortex.Presentation.Wpf.Renderer] Unknown reference link target &#39;T:Vortex.Connector.IValueTag&#39;. [E:\A1\w\5\s\docs\Vortex.Presentation.Wpf.Documentation\Help\Working\BuildTopics.proj]
BuildAssembler : warning : ResolveReferenceLinksComponent: [Methods.T:Vortex.Presentation.Wpf.Renderer] Unknown reference link target &#39;T:Vortex.Connector.IVortexObject&#39;. [E:\A1\w\5\s\docs\Vortex.Presentation.Wpf.Documentation\Help\Working\BuildTopics.proj]
BuildAssembler : warning : ResolveReferenceLinksComponent: [M:Vortex.Presentation.Wpf.Renderer.CreatePresentation(System.Object,System.Object,System.Boolean,Vortex.Presentation.Wpf.ReportingLevel,System.Int32,System.Boolean)] Unknown reference link target &#39;T:Vortex.Connector.IVortexObject&#39;. [E:\A1\w\5\s\docs\Vortex.Presentation.Wpf.Documentation\Help\Working\BuildTopics.proj]
BuildAssembler : warning : ResolveReferenceLinksComponent: [M:Vortex.Presentation.Wpf.Renderer.CreatePresentation(System.Object,System.Object,System.Boolean,Vortex.Presentation.Wpf.ReportingLevel,System.Int32,System.Boolean)] Unknown reference link target &#39;T:Vortex.Connector.IValueTag&#39;. [E:\A1\w\5\s\docs\Vortex.Presentation.Wpf.Documentation\Help\Working\BuildTopics.proj]
BuildAssembler : warning : ResolveReferenceLinksComponent: [M:Vortex.Presentation.Wpf.Renderer.GetEnumeratorDiscriminatorAttribute(Vortex.Connector.IVortexElement)] Unknown reference link target &#39;T:Vortex.Connector.IVortexElement&#39;. [E:\A1\w\5\s\docs\Vortex.Presentation.Wpf.Documentation\Help\Working\BuildTopics.proj]
BuildAssembler : warning : ResolveReferenceLinksComponent: [M:Vortex.Presentation.Wpf.Renderer.GetEnumeratorDiscriminatorAttribute(Vortex.Connector.IVortexElement)] Unknown reference link target &#39;T:Vortex.Connector.EnumeratorDiscriminatorAttribute&#39;. [E:\A1\w\5\s\docs\Vortex.Presentation.Wpf.Documentation\Help\Working\BuildTopics.proj]
BuildAssembler : warning : ResolveReferenceLinksComponent: [M:Vortex.Presentation.Wpf.Renderer.GetPropertyViaSymbol(Vortex.Connector.IVortexElement)] Unknown reference link target &#39;T:Vortex.Connector.IVortexObject&#39;. [E:\A1\w\5\s\docs\Vortex.Presentation.Wpf.Documentation\Help\Working\BuildTopics.proj]
BuildAssembler : warning : ResolveReferenceLinksComponent: [M:Vortex.Presentation.Wpf.Renderer.GetPropertyViaSymbol(Vortex.Connector.IVortexElement)] Unknown reference link target &#39;T:Vortex.Connector.IVortexElement&#39;. [E:\A1\w\5\s\docs\Vortex.Presentation.Wpf.Documentation\Help\Working\BuildTopics.proj]
BuildAssembler : warning : ResolveReferenceLinksComponent: [M:Vortex.Presentation.Wpf.Renderer.GetPropertyViaSymbol(Vortex.Connector.IVortexElement)] Unknown reference link target &#39;T:Vortex.Connector.IVortexObject&#39;. [E:\A1\w\5\s\docs\Vortex.Presentation.Wpf.Documentation\Help\Working\BuildTopics.proj]
BuildAssembler : warning : ResolveReferenceLinksComponent: [M:Vortex.Presentation.Wpf.TimeFormatConverter.#ctor(TimeFormatAttribute)] Unknown reference link target &#39;T:TimeFormatAttribute&#39;. [E:\A1\w\5\s\docs\Vortex.Presentation.Wpf.Documentation\Help\Working\BuildTopics.proj]
BuildAssembler : warning : ResolveReferenceLinksComponent: [M:Vortex.Presentation.Wpf.WpfLayoutProvider.GetControl(Layout)] Unknown reference link target &#39;T:Layout&#39;. [E:\A1\w\5\s\docs\Vortex.Presentation.Wpf.Documentation\Help\Working\BuildTopics.proj]
BuildAssembler : warning : ResolveReferenceLinksComponent: [M:Vortex.Presentation.Wpf.WpfLayoutProvider.GetControl(Layout)] Unknown reference link target &#39;T:Layout&#39;. [E:\A1\w\5\s\docs\Vortex.Presentation.Wpf.Documentation\Help\Working\BuildTopics.proj]
BuildAssembler : warning : ResolveReferenceLinksComponent: [M:Vortex.Presentation.Wpf.WpfLayoutProvider.GetControl(Layout)] Unknown reference link target &#39;M:Vortex.Framework.Abstractions.Presentation.ILayoutProvider.GetControl(Layout)&#39;. [E:\A1\w\5\s\docs\Vortex.Presentation.Wpf.Documentation\Help\Working\BuildTopics.proj]
  Processed 308 topic(s)
  47 warning(s)
  CopyFromIndexComponent: &quot;metadata&quot; in-memory cache entries used: 0 of 15.
  ResolveArtLinksComponent: Copying media files...
  CopyFromIndexComponent: &quot;reflection&quot; in-memory cache entries used: 13 of 15.
  CopyFromIndexComponent: &quot;comments&quot; in-memory cache entries used: 6 of 30.
Done Building Project &quot;E:\A1\w\5\s\docs\Vortex.Presentation.Wpf.Documentation\Help\Working\BuildTopics.proj&quot; (default targets).
    Last step completed in 00:00:12.8212
</buildStep>
<buildStep step="CombiningIntermediateTocFiles">
Combining conceptual and API intermediate TOC files...
    Last step completed in 00:00:00.0020
</buildStep>
<buildStep step="CopyStandardHelpContent">
Copying standard help content...
C:\Program Files (x86)\EWSoftware\Sandcastle Help File Builder\PresentationStyles\Markdown\media\AlertCaution.png -&gt; E:\A1\w\5\s\docs\Vortex.Presentation.Wpf.Documentation\Help\Working\Output\Markdown\media\AlertCaution.png
C:\Program Files (x86)\EWSoftware\Sandcastle Help File Builder\PresentationStyles\Markdown\media\AlertNote.png -&gt; E:\A1\w\5\s\docs\Vortex.Presentation.Wpf.Documentation\Help\Working\Output\Markdown\media\AlertNote.png
C:\Program Files (x86)\EWSoftware\Sandcastle Help File Builder\PresentationStyles\Markdown\media\AlertSecurity.png -&gt; E:\A1\w\5\s\docs\Vortex.Presentation.Wpf.Documentation\Help\Working\Output\Markdown\media\AlertSecurity.png
C:\Program Files (x86)\EWSoftware\Sandcastle Help File Builder\PresentationStyles\Markdown\media\CFW.gif -&gt; E:\A1\w\5\s\docs\Vortex.Presentation.Wpf.Documentation\Help\Working\Output\Markdown\media\CFW.gif
C:\Program Files (x86)\EWSoftware\Sandcastle Help File Builder\PresentationStyles\Markdown\media\CodeExample.png -&gt; E:\A1\w\5\s\docs\Vortex.Presentation.Wpf.Documentation\Help\Working\Output\Markdown\media\CodeExample.png
C:\Program Files (x86)\EWSoftware\Sandcastle Help File Builder\PresentationStyles\Markdown\media\privclass.gif -&gt; E:\A1\w\5\s\docs\Vortex.Presentation.Wpf.Documentation\Help\Working\Output\Markdown\media\privclass.gif
C:\Program Files (x86)\EWSoftware\Sandcastle Help File Builder\PresentationStyles\Markdown\media\privdelegate.gif -&gt; E:\A1\w\5\s\docs\Vortex.Presentation.Wpf.Documentation\Help\Working\Output\Markdown\media\privdelegate.gif
C:\Program Files (x86)\EWSoftware\Sandcastle Help File Builder\PresentationStyles\Markdown\media\privenumeration.gif -&gt; E:\A1\w\5\s\docs\Vortex.Presentation.Wpf.Documentation\Help\Working\Output\Markdown\media\privenumeration.gif
C:\Program Files (x86)\EWSoftware\Sandcastle Help File Builder\PresentationStyles\Markdown\media\privevent.gif -&gt; E:\A1\w\5\s\docs\Vortex.Presentation.Wpf.Documentation\Help\Working\Output\Markdown\media\privevent.gif
C:\Program Files (x86)\EWSoftware\Sandcastle Help File Builder\PresentationStyles\Markdown\media\privextension.gif -&gt; E:\A1\w\5\s\docs\Vortex.Presentation.Wpf.Documentation\Help\Working\Output\Markdown\media\privextension.gif
C:\Program Files (x86)\EWSoftware\Sandcastle Help File Builder\PresentationStyles\Markdown\media\privfield.gif -&gt; E:\A1\w\5\s\docs\Vortex.Presentation.Wpf.Documentation\Help\Working\Output\Markdown\media\privfield.gif
C:\Program Files (x86)\EWSoftware\Sandcastle Help File Builder\PresentationStyles\Markdown\media\privinterface.gif -&gt; E:\A1\w\5\s\docs\Vortex.Presentation.Wpf.Documentation\Help\Working\Output\Markdown\media\privinterface.gif
C:\Program Files (x86)\EWSoftware\Sandcastle Help File Builder\PresentationStyles\Markdown\media\privmethod.gif -&gt; E:\A1\w\5\s\docs\Vortex.Presentation.Wpf.Documentation\Help\Working\Output\Markdown\media\privmethod.gif
C:\Program Files (x86)\EWSoftware\Sandcastle Help File Builder\PresentationStyles\Markdown\media\privproperty.gif -&gt; E:\A1\w\5\s\docs\Vortex.Presentation.Wpf.Documentation\Help\Working\Output\Markdown\media\privproperty.gif
C:\Program Files (x86)\EWSoftware\Sandcastle Help File Builder\PresentationStyles\Markdown\media\privstructure.gif -&gt; E:\A1\w\5\s\docs\Vortex.Presentation.Wpf.Documentation\Help\Working\Output\Markdown\media\privstructure.gif
C:\Program Files (x86)\EWSoftware\Sandcastle Help File Builder\PresentationStyles\Markdown\media\protclass.gif -&gt; E:\A1\w\5\s\docs\Vortex.Presentation.Wpf.Documentation\Help\Working\Output\Markdown\media\protclass.gif
C:\Program Files (x86)\EWSoftware\Sandcastle Help File Builder\PresentationStyles\Markdown\media\protdelegate.gif -&gt; E:\A1\w\5\s\docs\Vortex.Presentation.Wpf.Documentation\Help\Working\Output\Markdown\media\protdelegate.gif
C:\Program Files (x86)\EWSoftware\Sandcastle Help File Builder\PresentationStyles\Markdown\media\protenumeration.gif -&gt; E:\A1\w\5\s\docs\Vortex.Presentation.Wpf.Documentation\Help\Working\Output\Markdown\media\protenumeration.gif
C:\Program Files (x86)\EWSoftware\Sandcastle Help File Builder\PresentationStyles\Markdown\media\protevent.gif -&gt; E:\A1\w\5\s\docs\Vortex.Presentation.Wpf.Documentation\Help\Working\Output\Markdown\media\protevent.gif
C:\Program Files (x86)\EWSoftware\Sandcastle Help File Builder\PresentationStyles\Markdown\media\protextension.gif -&gt; E:\A1\w\5\s\docs\Vortex.Presentation.Wpf.Documentation\Help\Working\Output\Markdown\media\protextension.gif
C:\Program Files (x86)\EWSoftware\Sandcastle Help File Builder\PresentationStyles\Markdown\media\protfield.gif -&gt; E:\A1\w\5\s\docs\Vortex.Presentation.Wpf.Documentation\Help\Working\Output\Markdown\media\protfield.gif
C:\Program Files (x86)\EWSoftware\Sandcastle Help File Builder\PresentationStyles\Markdown\media\protinterface.gif -&gt; E:\A1\w\5\s\docs\Vortex.Presentation.Wpf.Documentation\Help\Working\Output\Markdown\media\protinterface.gif
C:\Program Files (x86)\EWSoftware\Sandcastle Help File Builder\PresentationStyles\Markdown\media\protmethod.gif -&gt; E:\A1\w\5\s\docs\Vortex.Presentation.Wpf.Documentation\Help\Working\Output\Markdown\media\protmethod.gif
C:\Program Files (x86)\EWSoftware\Sandcastle Help File Builder\PresentationStyles\Markdown\media\protoperator.gif -&gt; E:\A1\w\5\s\docs\Vortex.Presentation.Wpf.Documentation\Help\Working\Output\Markdown\media\protoperator.gif
C:\Program Files (x86)\EWSoftware\Sandcastle Help File Builder\PresentationStyles\Markdown\media\protproperty.gif -&gt; E:\A1\w\5\s\docs\Vortex.Presentation.Wpf.Documentation\Help\Working\Output\Markdown\media\protproperty.gif
C:\Program Files (x86)\EWSoftware\Sandcastle Help File Builder\PresentationStyles\Markdown\media\protstructure.gif -&gt; E:\A1\w\5\s\docs\Vortex.Presentation.Wpf.Documentation\Help\Working\Output\Markdown\media\protstructure.gif
C:\Program Files (x86)\EWSoftware\Sandcastle Help File Builder\PresentationStyles\Markdown\media\pubclass.gif -&gt; E:\A1\w\5\s\docs\Vortex.Presentation.Wpf.Documentation\Help\Working\Output\Markdown\media\pubclass.gif
C:\Program Files (x86)\EWSoftware\Sandcastle Help File Builder\PresentationStyles\Markdown\media\pubdelegate.gif -&gt; E:\A1\w\5\s\docs\Vortex.Presentation.Wpf.Documentation\Help\Working\Output\Markdown\media\pubdelegate.gif
C:\Program Files (x86)\EWSoftware\Sandcastle Help File Builder\PresentationStyles\Markdown\media\pubenumeration.gif -&gt; E:\A1\w\5\s\docs\Vortex.Presentation.Wpf.Documentation\Help\Working\Output\Markdown\media\pubenumeration.gif
C:\Program Files (x86)\EWSoftware\Sandcastle Help File Builder\PresentationStyles\Markdown\media\pubevent.gif -&gt; E:\A1\w\5\s\docs\Vortex.Presentation.Wpf.Documentation\Help\Working\Output\Markdown\media\pubevent.gif
C:\Program Files (x86)\EWSoftware\Sandcastle Help File Builder\PresentationStyles\Markdown\media\pubextension.gif -&gt; E:\A1\w\5\s\docs\Vortex.Presentation.Wpf.Documentation\Help\Working\Output\Markdown\media\pubextension.gif
C:\Program Files (x86)\EWSoftware\Sandcastle Help File Builder\PresentationStyles\Markdown\media\pubfield.gif -&gt; E:\A1\w\5\s\docs\Vortex.Presentation.Wpf.Documentation\Help\Working\Output\Markdown\media\pubfield.gif
C:\Program Files (x86)\EWSoftware\Sandcastle Help File Builder\PresentationStyles\Markdown\media\pubinterface.gif -&gt; E:\A1\w\5\s\docs\Vortex.Presentation.Wpf.Documentation\Help\Working\Output\Markdown\media\pubinterface.gif
C:\Program Files (x86)\EWSoftware\Sandcastle Help File Builder\PresentationStyles\Markdown\media\pubmethod.gif -&gt; E:\A1\w\5\s\docs\Vortex.Presentation.Wpf.Documentation\Help\Working\Output\Markdown\media\pubmethod.gif
C:\Program Files (x86)\EWSoftware\Sandcastle Help File Builder\PresentationStyles\Markdown\media\puboperator.gif -&gt; E:\A1\w\5\s\docs\Vortex.Presentation.Wpf.Documentation\Help\Working\Output\Markdown\media\puboperator.gif
C:\Program Files (x86)\EWSoftware\Sandcastle Help File Builder\PresentationStyles\Markdown\media\pubproperty.gif -&gt; E:\A1\w\5\s\docs\Vortex.Presentation.Wpf.Documentation\Help\Working\Output\Markdown\media\pubproperty.gif
C:\Program Files (x86)\EWSoftware\Sandcastle Help File Builder\PresentationStyles\Markdown\media\pubstructure.gif -&gt; E:\A1\w\5\s\docs\Vortex.Presentation.Wpf.Documentation\Help\Working\Output\Markdown\media\pubstructure.gif
C:\Program Files (x86)\EWSoftware\Sandcastle Help File Builder\PresentationStyles\Markdown\media\slMobile.gif -&gt; E:\A1\w\5\s\docs\Vortex.Presentation.Wpf.Documentation\Help\Working\Output\Markdown\media\slMobile.gif
C:\Program Files (x86)\EWSoftware\Sandcastle Help File Builder\PresentationStyles\Markdown\media\static.gif -&gt; E:\A1\w\5\s\docs\Vortex.Presentation.Wpf.Documentation\Help\Working\Output\Markdown\media\static.gif
C:\Program Files (x86)\EWSoftware\Sandcastle Help File Builder\PresentationStyles\Markdown\media\xna.gif -&gt; E:\A1\w\5\s\docs\Vortex.Presentation.Wpf.Documentation\Help\Working\Output\Markdown\media\xna.gif
C:\Program Files (x86)\EWSoftware\Sandcastle Help File Builder\PresentationStyles\Markdown\MarkdownContent\_Footer.md -&gt; E:\A1\w\5\s\docs\Vortex.Presentation.Wpf.Documentation\Help\Working\Output\Markdown\_Footer.md
    Last step completed in 00:00:00.1390
</buildStep>
<buildStep step="GenerateHelpFormatTableOfContents">
Executing informational Generate Table of Contents build step for plug-ins (not used for Markdown)
    Last step completed in 00:00:00.0000
</buildStep>
<buildStep step="GenerateHelpProject">
Executing informational Generate Help Project build step for plug-ins (not used for Markdown)
    Last step completed in 00:00:00.0010
</buildStep>
<buildStep step="CompilingHelpFile">
Generating markdown content...
[C:\Program Files (x86)\Microsoft Visual Studio\2019\Community\MSBuild\Current\Bin\MSBuild.exe - GenerateMarkdownContent.proj]
  Finished generating 308 topics
  Copying content to output folder...
  Finished copying 352 files
    Last step completed in 00:00:01.3040
</buildStep>
<buildStep step="CleanIntermediates">
Removing intermediate files...
    Last step completed in 00:00:00.0420
</buildStep>
<buildStep step="Completed">

Build completed successfully at 10/27/2020 1:52:52 PM.  Total time: 00:00:22.9653

</buildStep>
</shfbBuild>
